Release 12.3 - platgen Xilinx EDK 12.3 Build EDK_MS3.70d
 (nt64)
Copyright (c) 1995-2010 Xilinx, Inc.  All rights reserved.

Command Line: platgen -p xc5vlx110tff1136-1 -lang vhdl -lp
C:/EDK-XUPV5-LX110T-Pack/lib/ -msg __xps/ise/xmsgprops.lst FPGAproj.mhs 

Parse C:/Users/fpga10/FPGAproj/FPGAproj.mhs ...

Read MPD definitions ...

Overriding IP level properties ...
orig_family is virtex5
INFO:EDK:1560 - IPNAME:mpmc INSTANCE:DDR2_SDRAM -
   C:\XilinxSuite\ISE_DS\EDK\hw\XilinxProcessorIPLib\pcores\mpmc_v6_02_a\data\mp
   mc_v2_1_0.mpd line 170 - tcl is overriding PARAMETER C_IODELAY_GRP value to
   DDR2_SDRAM
INFO:EDK:1560 - IPNAME:mpmc INSTANCE:DDR2_SDRAM -
   C:\XilinxSuite\ISE_DS\EDK\hw\XilinxProcessorIPLib\pcores\mpmc_v6_02_a\data\mp
   mc_v2_1_0.mpd line 205 - tcl is overriding PARAMETER C_USE_MIG_V5_PHY value
   to 1
INFO:EDK:1560 - IPNAME:mpmc INSTANCE:DDR2_SDRAM -
   C:\XilinxSuite\ISE_DS\EDK\hw\XilinxProcessorIPLib\pcores\mpmc_v6_02_a\data\mp
   mc_v2_1_0.mpd line 254 - tcl is overriding PARAMETER C_MEM_PART_DATA_DEPTH
   value to 32
INFO:EDK:1560 - IPNAME:mpmc INSTANCE:DDR2_SDRAM -
   C:\XilinxSuite\ISE_DS\EDK\hw\XilinxProcessorIPLib\pcores\mpmc_v6_02_a\data\mp
   mc_v2_1_0.mpd line 255 - tcl is overriding PARAMETER C_MEM_PART_DATA_WIDTH
   value to 16
INFO:EDK:1560 - IPNAME:mpmc INSTANCE:DDR2_SDRAM -
   C:\XilinxSuite\ISE_DS\EDK\hw\XilinxProcessorIPLib\pcores\mpmc_v6_02_a\data\mp
   mc_v2_1_0.mpd line 258 - tcl is overriding PARAMETER C_MEM_PART_NUM_COL_BITS
   value to 10
INFO:EDK:1560 - IPNAME:mpmc INSTANCE:DDR2_SDRAM -
   C:\XilinxSuite\ISE_DS\EDK\hw\XilinxProcessorIPLib\pcores\mpmc_v6_02_a\data\mp
   mc_v2_1_0.mpd line 259 - tcl is overriding PARAMETER C_MEM_PART_TRAS value to
   40000
INFO:EDK:1560 - IPNAME:mpmc INSTANCE:DDR2_SDRAM -
   C:\XilinxSuite\ISE_DS\EDK\hw\XilinxProcessorIPLib\pcores\mpmc_v6_02_a\data\mp
   mc_v2_1_0.mpd line 260 - tcl is overriding PARAMETER C_MEM_PART_TRASMAX value
   to 70000000
INFO:EDK:1560 - IPNAME:mpmc INSTANCE:DDR2_SDRAM -
   C:\XilinxSuite\ISE_DS\EDK\hw\XilinxProcessorIPLib\pcores\mpmc_v6_02_a\data\mp
   mc_v2_1_0.mpd line 261 - tcl is overriding PARAMETER C_MEM_PART_TRC value to
   55000
INFO:EDK:1560 - IPNAME:mpmc INSTANCE:DDR2_SDRAM -
   C:\XilinxSuite\ISE_DS\EDK\hw\XilinxProcessorIPLib\pcores\mpmc_v6_02_a\data\mp
   mc_v2_1_0.mpd line 262 - tcl is overriding PARAMETER C_MEM_PART_TRCD value to
   15000
INFO:EDK:1560 - IPNAME:mpmc INSTANCE:DDR2_SDRAM -
   C:\XilinxSuite\ISE_DS\EDK\hw\XilinxProcessorIPLib\pcores\mpmc_v6_02_a\data\mp
   mc_v2_1_0.mpd line 264 - tcl is overriding PARAMETER C_MEM_PART_TWR value to
   15000
INFO:EDK:1560 - IPNAME:mpmc INSTANCE:DDR2_SDRAM -
   C:\XilinxSuite\ISE_DS\EDK\hw\XilinxProcessorIPLib\pcores\mpmc_v6_02_a\data\mp
   mc_v2_1_0.mpd line 265 - tcl is overriding PARAMETER C_MEM_PART_TRP value to
   15000
INFO:EDK:1560 - IPNAME:mpmc INSTANCE:DDR2_SDRAM -
   C:\XilinxSuite\ISE_DS\EDK\hw\XilinxProcessorIPLib\pcores\mpmc_v6_02_a\data\mp
   mc_v2_1_0.mpd line 266 - tcl is overriding PARAMETER C_MEM_PART_TMRD value to
   2
INFO:EDK:1560 - IPNAME:mpmc INSTANCE:DDR2_SDRAM -
   C:\XilinxSuite\ISE_DS\EDK\hw\XilinxProcessorIPLib\pcores\mpmc_v6_02_a\data\mp
   mc_v2_1_0.mpd line 267 - tcl is overriding PARAMETER C_MEM_PART_TRRD value to
   10000
INFO:EDK:1560 - IPNAME:mpmc INSTANCE:DDR2_SDRAM -
   C:\XilinxSuite\ISE_DS\EDK\hw\XilinxProcessorIPLib\pcores\mpmc_v6_02_a\data\mp
   mc_v2_1_0.mpd line 268 - tcl is overriding PARAMETER C_MEM_PART_TRFC value to
   105000
INFO:EDK:1560 - IPNAME:mpmc INSTANCE:DDR2_SDRAM -
   C:\XilinxSuite\ISE_DS\EDK\hw\XilinxProcessorIPLib\pcores\mpmc_v6_02_a\data\mp
   mc_v2_1_0.mpd line 269 - tcl is overriding PARAMETER C_MEM_PART_TREFI value
   to 7800000
INFO:EDK:1560 - IPNAME:mpmc INSTANCE:DDR2_SDRAM -
   C:\XilinxSuite\ISE_DS\EDK\hw\XilinxProcessorIPLib\pcores\mpmc_v6_02_a\data\mp
   mc_v2_1_0.mpd line 271 - tcl is overriding PARAMETER C_MEM_PART_TCCD value to
   2
INFO:EDK:1560 - IPNAME:mpmc INSTANCE:DDR2_SDRAM -
   C:\XilinxSuite\ISE_DS\EDK\hw\XilinxProcessorIPLib\pcores\mpmc_v6_02_a\data\mp
   mc_v2_1_0.mpd line 272 - tcl is overriding PARAMETER C_MEM_PART_TWTR value to
   7500
INFO:EDK:1560 - IPNAME:mpmc INSTANCE:DDR2_SDRAM -
   C:\XilinxSuite\ISE_DS\EDK\hw\XilinxProcessorIPLib\pcores\mpmc_v6_02_a\data\mp
   mc_v2_1_0.mpd line 278 - tcl is overriding PARAMETER C_MEM_PART_CAS_A_FMAX
   value to 200
INFO:EDK:1560 - IPNAME:mpmc INSTANCE:DDR2_SDRAM -
   C:\XilinxSuite\ISE_DS\EDK\hw\XilinxProcessorIPLib\pcores\mpmc_v6_02_a\data\mp
   mc_v2_1_0.mpd line 279 - tcl is overriding PARAMETER C_MEM_PART_CAS_A value
   to 3
INFO:EDK:1560 - IPNAME:mpmc INSTANCE:DDR2_SDRAM -
   C:\XilinxSuite\ISE_DS\EDK\hw\XilinxProcessorIPLib\pcores\mpmc_v6_02_a\data\mp
   mc_v2_1_0.mpd line 280 - tcl is overriding PARAMETER C_MEM_PART_CAS_B_FMAX
   value to 266
INFO:EDK:1560 - IPNAME:mpmc INSTANCE:DDR2_SDRAM -
   C:\XilinxSuite\ISE_DS\EDK\hw\XilinxProcessorIPLib\pcores\mpmc_v6_02_a\data\mp
   mc_v2_1_0.mpd line 281 - tcl is overriding PARAMETER C_MEM_PART_CAS_B value
   to 4

Computing clock values...

Performing IP level DRCs on properties...

Running DRC Tcl procedures for OPTION IPLEVEL_DRC_PROC...
Address Map for Processor microblaze_0
  (0000000000-0x0000ffff) dlmb_cntlr	dlmb
  (0000000000-0x0000ffff) ilmb_cntlr	ilmb
  (0x81400000-0x8140ffff) Push_Buttons_5Bit	mb_plb
  (0x81420000-0x8142ffff) LEDs_Positions	mb_plb
  (0x81440000-0x8144ffff) LEDs_8Bit	mb_plb
  (0x81460000-0x8146ffff) DIP_Switches_8Bit	mb_plb
  (0x81600000-0x8160ffff) IIC_EEPROM	mb_plb
  (0x81800000-0x8180ffff) xps_intc_0	mb_plb
  (0x83600000-0x8360ffff) SysACE_CompactFlash	mb_plb
  (0x83c00000-0x83c0ffff) xps_timer_0	mb_plb
  (0x83e00000-0x83e0ffff) RS232_Uart_2	mb_plb
  (0x83e20000-0x83e2ffff) RS232_Uart_1	mb_plb
  (0x84400000-0x8440ffff) mdm_0	mb_plb
  (0x84600000-0x8460ffff) DDR2_SDRAM	mb_plb
  (0x86a00000-0x86a0ffff) PS2_Mouse	mb_plb
  (0x86a20000-0x86a2ffff) PS2_Keyboard	mb_plb
  (0x89080000-0x890fffff) Hard_Ethernet_MAC	mb_plb
  (0x8b600000-0x8b6fffff) SRAM	mb_plb
  (0x90000000-0x9fffffff) DDR2_SDRAM	mb_plb
INFO:EDK:1560 - IPNAME:mpmc INSTANCE:DDR2_SDRAM -
   C:\XilinxSuite\ISE_DS\EDK\hw\XilinxProcessorIPLib\pcores\mpmc_v6_02_a\data\mp
   mc_v2_1_0.mpd line 357 - tool is overriding PARAMETER C_SPLB0_P2P value to 0
INFO:EDK:1560 - IPNAME:mpmc INSTANCE:DDR2_SDRAM -
   C:\XilinxSuite\ISE_DS\EDK\hw\XilinxProcessorIPLib\pcores\mpmc_v6_02_a\data\mp
   mc_v2_1_0.mpd line 418 - tool is overriding PARAMETER C_SDMA_CTRL1_P2P value
   to 0
INFO:EDK:1560 - IPNAME:microblaze INSTANCE:microblaze_0 -
   C:\XilinxSuite\ISE_DS\EDK\hw\XilinxProcessorIPLib\pcores\microblaze_v8_00_a\d
   ata\microblaze_v2_1_0.mpd line 188 - tool is overriding PARAMETER
   C_DPLB_DWIDTH value to 64
INFO:EDK:1560 - IPNAME:microblaze INSTANCE:microblaze_0 -
   C:\XilinxSuite\ISE_DS\EDK\hw\XilinxProcessorIPLib\pcores\microblaze_v8_00_a\d
   ata\microblaze_v2_1_0.mpd line 192 - tool is overriding PARAMETER
   C_IPLB_DWIDTH value to 64
INFO:EDK:1560 - IPNAME:plb_v46 INSTANCE:mb_plb -
   C:\XilinxSuite\ISE_DS\EDK\hw\XilinxProcessorIPLib\pcores\plb_v46_v1_05_a\data
   \plb_v46_v2_1_0.mpd line 69 - tool is overriding PARAMETER
   C_PLBV46_NUM_MASTERS value to 2
INFO:EDK:1560 - IPNAME:plb_v46 INSTANCE:mb_plb -
   C:\XilinxSuite\ISE_DS\EDK\hw\XilinxProcessorIPLib\pcores\plb_v46_v1_05_a\data
   \plb_v46_v2_1_0.mpd line 70 - tool is overriding PARAMETER
   C_PLBV46_NUM_SLAVES value to 17
INFO:EDK:1560 - IPNAME:plb_v46 INSTANCE:mb_plb -
   C:\XilinxSuite\ISE_DS\EDK\hw\XilinxProcessorIPLib\pcores\plb_v46_v1_05_a\data
   \plb_v46_v2_1_0.mpd line 71 - tool is overriding PARAMETER C_PLBV46_MID_WIDTH
   value to 1
INFO:EDK:1560 - IPNAME:lmb_v10 INSTANCE:ilmb -
   C:\XilinxSuite\ISE_DS\EDK\hw\XilinxProcessorIPLib\pcores\lmb_v10_v1_00_a\data
   \lmb_v10_v2_1_0.mpd line 70 - tool is overriding PARAMETER C_LMB_NUM_SLAVES
   value to 1
INFO:EDK:1560 - IPNAME:lmb_v10 INSTANCE:dlmb -
   C:\XilinxSuite\ISE_DS\EDK\hw\XilinxProcessorIPLib\pcores\lmb_v10_v1_00_a\data
   \lmb_v10_v2_1_0.mpd line 70 - tool is overriding PARAMETER C_LMB_NUM_SLAVES
   value to 1
INFO:EDK:1560 - IPNAME:bram_block INSTANCE:lmb_bram -
   C:\XilinxSuite\ISE_DS\EDK\hw\XilinxProcessorIPLib\pcores\bram_block_v1_00_a\d
   ata\bram_block_v2_1_0.mpd line 67 - tool is overriding PARAMETER C_MEMSIZE
   value to 0x10000
INFO:EDK:1560 - IPNAME:xps_gpio INSTANCE:LEDs_8Bit -
   C:\XilinxSuite\ISE_DS\EDK\hw\XilinxProcessorIPLib\pcores\xps_gpio_v2_00_a\dat
   a\xps_gpio_v2_1_0.mpd line 69 - tool is overriding PARAMETER C_SPLB_DWIDTH
   value to 64
INFO:EDK:1560 - IPNAME:xps_gpio INSTANCE:LEDs_8Bit -
   C:\XilinxSuite\ISE_DS\EDK\hw\XilinxProcessorIPLib\pcores\xps_gpio_v2_00_a\dat
   a\xps_gpio_v2_1_0.mpd line 72 - tool is overriding PARAMETER
   C_SPLB_NUM_MASTERS value to 2
INFO:EDK:1560 - IPNAME:xps_gpio INSTANCE:LEDs_Positions -
   C:\XilinxSuite\ISE_DS\EDK\hw\XilinxProcessorIPLib\pcores\xps_gpio_v2_00_a\dat
   a\xps_gpio_v2_1_0.mpd line 69 - tool is overriding PARAMETER C_SPLB_DWIDTH
   value to 64
INFO:EDK:1560 - IPNAME:xps_gpio INSTANCE:LEDs_Positions -
   C:\XilinxSuite\ISE_DS\EDK\hw\XilinxProcessorIPLib\pcores\xps_gpio_v2_00_a\dat
   a\xps_gpio_v2_1_0.mpd line 72 - tool is overriding PARAMETER
   C_SPLB_NUM_MASTERS value to 2
INFO:EDK:1560 - IPNAME:xps_gpio INSTANCE:Push_Buttons_5Bit -
   C:\XilinxSuite\ISE_DS\EDK\hw\XilinxProcessorIPLib\pcores\xps_gpio_v2_00_a\dat
   a\xps_gpio_v2_1_0.mpd line 69 - tool is overriding PARAMETER C_SPLB_DWIDTH
   value to 64
INFO:EDK:1560 - IPNAME:xps_gpio INSTANCE:Push_Buttons_5Bit -
   C:\XilinxSuite\ISE_DS\EDK\hw\XilinxProcessorIPLib\pcores\xps_gpio_v2_00_a\dat
   a\xps_gpio_v2_1_0.mpd line 72 - tool is overriding PARAMETER
   C_SPLB_NUM_MASTERS value to 2
INFO:EDK:1560 - IPNAME:xps_gpio INSTANCE:DIP_Switches_8Bit -
   C:\XilinxSuite\ISE_DS\EDK\hw\XilinxProcessorIPLib\pcores\xps_gpio_v2_00_a\dat
   a\xps_gpio_v2_1_0.mpd line 69 - tool is overriding PARAMETER C_SPLB_DWIDTH
   value to 64
INFO:EDK:1560 - IPNAME:xps_gpio INSTANCE:DIP_Switches_8Bit -
   C:\XilinxSuite\ISE_DS\EDK\hw\XilinxProcessorIPLib\pcores\xps_gpio_v2_00_a\dat
   a\xps_gpio_v2_1_0.mpd line 72 - tool is overriding PARAMETER
   C_SPLB_NUM_MASTERS value to 2
INFO:EDK:1560 - IPNAME:xps_ps2 INSTANCE:PS2_Mouse -
   C:\XilinxSuite\ISE_DS\EDK\hw\XilinxProcessorIPLib\pcores\xps_ps2_v1_01_b\data
   \xps_ps2_v2_1_0.mpd line 68 - tool is overriding PARAMETER C_SPLB_DWIDTH
   value to 64
INFO:EDK:1560 - IPNAME:xps_ps2 INSTANCE:PS2_Mouse -
   C:\XilinxSuite\ISE_DS\EDK\hw\XilinxProcessorIPLib\pcores\xps_ps2_v1_01_b\data
   \xps_ps2_v2_1_0.mpd line 71 - tool is overriding PARAMETER C_SPLB_NUM_MASTERS
   value to 2
INFO:EDK:1560 - IPNAME:xps_ps2 INSTANCE:PS2_Keyboard -
   C:\XilinxSuite\ISE_DS\EDK\hw\XilinxProcessorIPLib\pcores\xps_ps2_v1_01_b\data
   \xps_ps2_v2_1_0.mpd line 68 - tool is overriding PARAMETER C_SPLB_DWIDTH
   value to 64
INFO:EDK:1560 - IPNAME:xps_ps2 INSTANCE:PS2_Keyboard -
   C:\XilinxSuite\ISE_DS\EDK\hw\XilinxProcessorIPLib\pcores\xps_ps2_v1_01_b\data
   \xps_ps2_v2_1_0.mpd line 71 - tool is overriding PARAMETER C_SPLB_NUM_MASTERS
   value to 2
INFO:EDK:1560 - IPNAME:xps_iic INSTANCE:IIC_EEPROM -
   C:\XilinxSuite\ISE_DS\EDK\hw\XilinxProcessorIPLib\pcores\xps_iic_v2_03_a\data
   \xps_iic_v2_1_0.mpd line 75 - tool is overriding PARAMETER C_SPLB_NUM_MASTERS
   value to 2
INFO:EDK:1560 - IPNAME:xps_iic INSTANCE:IIC_EEPROM -
   C:\XilinxSuite\ISE_DS\EDK\hw\XilinxProcessorIPLib\pcores\xps_iic_v2_03_a\data
   \xps_iic_v2_1_0.mpd line 77 - tool is overriding PARAMETER C_SPLB_DWIDTH
   value to 64
INFO:EDK:1560 - IPNAME:xps_mch_emc INSTANCE:SRAM -
   C:\XilinxSuite\ISE_DS\EDK\hw\XilinxProcessorIPLib\pcores\xps_mch_emc_v3_01_a\
   data\xps_mch_emc_v2_1_0.mpd line 78 - tool is overriding PARAMETER
   C_SPLB_NUM_MASTERS value to 2
INFO:EDK:1560 - IPNAME:xps_mch_emc INSTANCE:SRAM -
   C:\XilinxSuite\ISE_DS\EDK\hw\XilinxProcessorIPLib\pcores\xps_mch_emc_v3_01_a\
   data\xps_mch_emc_v2_1_0.mpd line 80 - tool is overriding PARAMETER
   C_SPLB_DWIDTH value to 64
INFO:EDK:1560 - IPNAME:xps_ll_temac INSTANCE:Hard_Ethernet_MAC -
   C:\XilinxSuite\ISE_DS\EDK\hw\XilinxProcessorIPLib\pcores\xps_ll_temac_v2_03_a
   \data\xps_ll_temac_v2_1_0.mpd line 81 - tool is overriding PARAMETER
   C_SPLB_DWIDTH value to 64
INFO:EDK:1560 - IPNAME:xps_ll_temac INSTANCE:Hard_Ethernet_MAC -
   C:\XilinxSuite\ISE_DS\EDK\hw\XilinxProcessorIPLib\pcores\xps_ll_temac_v2_03_a
   \data\xps_ll_temac_v2_1_0.mpd line 83 - tool is overriding PARAMETER
   C_SPLB_NUM_MASTERS value to 2
INFO:EDK:1560 - IPNAME:xps_ll_temac INSTANCE:Hard_Ethernet_MAC -
   C:\XilinxSuite\ISE_DS\EDK\hw\XilinxProcessorIPLib\pcores\xps_ll_temac_v2_03_a
   \data\xps_ll_temac_v2_1_0.mpd line 84 - tool is overriding PARAMETER
   C_SPLB_MID_WIDTH value to 1
INFO:EDK:1560 - IPNAME:mpmc INSTANCE:DDR2_SDRAM -
   C:\XilinxSuite\ISE_DS\EDK\hw\XilinxProcessorIPLib\pcores\mpmc_v6_02_a\data\mp
   mc_v2_1_0.mpd line 355 - tool is overriding PARAMETER C_SPLB0_NUM_MASTERS
   value to 2
INFO:EDK:1560 - IPNAME:mpmc INSTANCE:DDR2_SDRAM -
   C:\XilinxSuite\ISE_DS\EDK\hw\XilinxProcessorIPLib\pcores\mpmc_v6_02_a\data\mp
   mc_v2_1_0.mpd line 416 - tool is overriding PARAMETER
   C_SDMA_CTRL1_NUM_MASTERS value to 2
INFO:EDK:1560 - IPNAME:xps_sysace INSTANCE:SysACE_CompactFlash -
   C:\XilinxSuite\ISE_DS\EDK\hw\XilinxProcessorIPLib\pcores\xps_sysace_v1_01_a\d
   ata\xps_sysace_v2_1_0.mpd line 70 - tool is overriding PARAMETER
   C_SPLB_DWIDTH value to 64
INFO:EDK:1560 - IPNAME:xps_sysace INSTANCE:SysACE_CompactFlash -
   C:\XilinxSuite\ISE_DS\EDK\hw\XilinxProcessorIPLib\pcores\xps_sysace_v1_01_a\d
   ata\xps_sysace_v2_1_0.mpd line 72 - tool is overriding PARAMETER
   C_SPLB_MID_WIDTH value to 1
INFO:EDK:1560 - IPNAME:xps_sysace INSTANCE:SysACE_CompactFlash -
   C:\XilinxSuite\ISE_DS\EDK\hw\XilinxProcessorIPLib\pcores\xps_sysace_v1_01_a\d
   ata\xps_sysace_v2_1_0.mpd line 73 - tool is overriding PARAMETER
   C_SPLB_NUM_MASTERS value to 2
INFO:EDK:1560 - IPNAME:xps_uart16550 INSTANCE:RS232_Uart_1 -
   C:\XilinxSuite\ISE_DS\EDK\hw\XilinxProcessorIPLib\pcores\xps_uart16550_v3_00_
   a\data\xps_uart16550_v2_1_0.mpd line 74 - tool is overriding PARAMETER
   C_SPLB_DWIDTH value to 64
INFO:EDK:1560 - IPNAME:xps_uart16550 INSTANCE:RS232_Uart_1 -
   C:\XilinxSuite\ISE_DS\EDK\hw\XilinxProcessorIPLib\pcores\xps_uart16550_v3_00_
   a\data\xps_uart16550_v2_1_0.mpd line 77 - tool is overriding PARAMETER
   C_SPLB_NUM_MASTERS value to 2
INFO:EDK:1560 - IPNAME:xps_uart16550 INSTANCE:RS232_Uart_2 -
   C:\XilinxSuite\ISE_DS\EDK\hw\XilinxProcessorIPLib\pcores\xps_uart16550_v3_00_
   a\data\xps_uart16550_v2_1_0.mpd line 74 - tool is overriding PARAMETER
   C_SPLB_DWIDTH value to 64
INFO:EDK:1560 - IPNAME:xps_uart16550 INSTANCE:RS232_Uart_2 -
   C:\XilinxSuite\ISE_DS\EDK\hw\XilinxProcessorIPLib\pcores\xps_uart16550_v3_00_
   a\data\xps_uart16550_v2_1_0.mpd line 77 - tool is overriding PARAMETER
   C_SPLB_NUM_MASTERS value to 2
INFO:EDK:1560 - IPNAME:xps_timer INSTANCE:xps_timer_0 -
   C:\XilinxSuite\ISE_DS\EDK\hw\XilinxProcessorIPLib\pcores\xps_timer_v1_02_a\da
   ta\xps_timer_v2_1_0.mpd line 75 - tool is overriding PARAMETER C_SPLB_DWIDTH
   value to 64
INFO:EDK:1560 - IPNAME:xps_timer INSTANCE:xps_timer_0 -
   C:\XilinxSuite\ISE_DS\EDK\hw\XilinxProcessorIPLib\pcores\xps_timer_v1_02_a\da
   ta\xps_timer_v2_1_0.mpd line 77 - tool is overriding PARAMETER
   C_SPLB_MID_WIDTH value to 1
INFO:EDK:1560 - IPNAME:xps_timer INSTANCE:xps_timer_0 -
   C:\XilinxSuite\ISE_DS\EDK\hw\XilinxProcessorIPLib\pcores\xps_timer_v1_02_a\da
   ta\xps_timer_v2_1_0.mpd line 78 - tool is overriding PARAMETER
   C_SPLB_NUM_MASTERS value to 2
INFO:EDK:1560 - IPNAME:mdm INSTANCE:mdm_0 -
   C:\XilinxSuite\ISE_DS\EDK\hw\XilinxProcessorIPLib\pcores\mdm_v2_00_a\data\mdm
   _v2_1_0.mpd line 82 - tool is overriding PARAMETER C_SPLB_DWIDTH value to 64
INFO:EDK:1560 - IPNAME:mdm INSTANCE:mdm_0 -
   C:\XilinxSuite\ISE_DS\EDK\hw\XilinxProcessorIPLib\pcores\mdm_v2_00_a\data\mdm
   _v2_1_0.mpd line 84 - tool is overriding PARAMETER C_SPLB_MID_WIDTH value to
   1
INFO:EDK:1560 - IPNAME:mdm INSTANCE:mdm_0 -
   C:\XilinxSuite\ISE_DS\EDK\hw\XilinxProcessorIPLib\pcores\mdm_v2_00_a\data\mdm
   _v2_1_0.mpd line 85 - tool is overriding PARAMETER C_SPLB_NUM_MASTERS value
   to 2
INFO:EDK:1560 - IPNAME:xps_intc INSTANCE:xps_intc_0 -
   C:\XilinxSuite\ISE_DS\EDK\hw\XilinxProcessorIPLib\pcores\xps_intc_v2_01_a\dat
   a\xps_intc_v2_1_0.mpd line 71 - tool is overriding PARAMETER C_SPLB_DWIDTH
   value to 64
INFO:EDK:1560 - IPNAME:xps_intc INSTANCE:xps_intc_0 -
   C:\XilinxSuite\ISE_DS\EDK\hw\XilinxProcessorIPLib\pcores\xps_intc_v2_01_a\dat
   a\xps_intc_v2_1_0.mpd line 73 - tool is overriding PARAMETER
   C_SPLB_NUM_MASTERS value to 2

Checking platform address map ...

Checking platform configuration ...
IPNAME:plb_v46 INSTANCE:mb_plb - C:\Users\fpga10\FPGAproj\FPGAproj.mhs line 89 -
2 master(s) : 17 slave(s)
IPNAME:lmb_v10 INSTANCE:ilmb - C:\Users\fpga10\FPGAproj\FPGAproj.mhs line 96 - 1
master(s) : 1 slave(s)
IPNAME:lmb_v10 INSTANCE:dlmb - C:\Users\fpga10\FPGAproj\FPGAproj.mhs line 103 -
1 master(s) : 1 slave(s)

Checking port drivers...
WARNING:EDK:2098 - PORT:IWAIT CONNECTOR:ilmb_LMB_Wait -
   C:\XilinxSuite\ISE_DS\EDK\hw\XilinxProcessorIPLib\pcores\microblaze_v8_00_a\d
   ata\microblaze_v2_1_0.mpd line 352 - No driver found. Port will be driven to
   GND!
WARNING:EDK:2098 - PORT:ICE CONNECTOR:ilmb_LMB_CE -
   C:\XilinxSuite\ISE_DS\EDK\hw\XilinxProcessorIPLib\pcores\microblaze_v8_00_a\d
   ata\microblaze_v2_1_0.mpd line 353 - No driver found. Port will be driven to
   GND!
WARNING:EDK:2098 - PORT:IUE CONNECTOR:ilmb_LMB_UE -
   C:\XilinxSuite\ISE_DS\EDK\hw\XilinxProcessorIPLib\pcores\microblaze_v8_00_a\d
   ata\microblaze_v2_1_0.mpd line 354 - No driver found. Port will be driven to
   GND!
WARNING:EDK:2098 - PORT:DWAIT CONNECTOR:dlmb_LMB_Wait -
   C:\XilinxSuite\ISE_DS\EDK\hw\XilinxProcessorIPLib\pcores\microblaze_v8_00_a\d
   ata\microblaze_v2_1_0.mpd line 390 - No driver found. Port will be driven to
   GND!
WARNING:EDK:2098 - PORT:DCE CONNECTOR:dlmb_LMB_CE -
   C:\XilinxSuite\ISE_DS\EDK\hw\XilinxProcessorIPLib\pcores\microblaze_v8_00_a\d
   ata\microblaze_v2_1_0.mpd line 391 - No driver found. Port will be driven to
   GND!
WARNING:EDK:2098 - PORT:DUE CONNECTOR:dlmb_LMB_UE -
   C:\XilinxSuite\ISE_DS\EDK\hw\XilinxProcessorIPLib\pcores\microblaze_v8_00_a\d
   ata\microblaze_v2_1_0.mpd line 392 - No driver found. Port will be driven to
   GND!
WARNING:EDK:2098 - PORT:HostMiimRdy CONNECTOR:host_mii_rdy -
   C:\XilinxSuite\ISE_DS\EDK\hw\XilinxProcessorIPLib\pcores\xps_ll_temac_v2_03_a
   \data\xps_ll_temac_v2_1_0.mpd line 263 - No driver found. Port will be driven
   to GND!
WARNING:EDK:2098 - PORT:HostRdData CONNECTOR:host_rd_data -
   C:\XilinxSuite\ISE_DS\EDK\hw\XilinxProcessorIPLib\pcores\xps_ll_temac_v2_03_a
   \data\xps_ll_temac_v2_1_0.mpd line 264 - No driver found. Port will be driven
   to GND!
WARNING:EDK:2098 - PORT:bscan_tdo1 CONNECTOR:bscan_tdo1 -
   C:\XilinxSuite\ISE_DS\EDK\hw\XilinxProcessorIPLib\pcores\mdm_v2_00_a\data\mdm
   _v2_1_0.mpd line 231 - No driver found. Port will be driven to GND!
WARNING:EDK:2099 - PORT:HostMiimSel CONNECTOR:host_mii_sel -
   C:\XilinxSuite\ISE_DS\EDK\hw\XilinxProcessorIPLib\pcores\xps_ll_temac_v2_03_a
   \data\xps_ll_temac_v2_1_0.mpd line 265 - floating connection!
WARNING:EDK:2099 - PORT:HostReq CONNECTOR:host_req -
   C:\XilinxSuite\ISE_DS\EDK\hw\XilinxProcessorIPLib\pcores\xps_ll_temac_v2_03_a
   \data\xps_ll_temac_v2_1_0.mpd line 266 - floating connection!
WARNING:EDK:2099 - PORT:HostAddr CONNECTOR:host_addr -
   C:\XilinxSuite\ISE_DS\EDK\hw\XilinxProcessorIPLib\pcores\xps_ll_temac_v2_03_a
   \data\xps_ll_temac_v2_1_0.mpd line 267 - floating connection!
WARNING:EDK:2099 - PORT:HostEmac1Sel CONNECTOR:host_emac1_sel -
   C:\XilinxSuite\ISE_DS\EDK\hw\XilinxProcessorIPLib\pcores\xps_ll_temac_v2_03_a
   \data\xps_ll_temac_v2_1_0.mpd line 268 - floating connection!
WARNING:EDK:2099 - PORT:bscan_tdi CONNECTOR:bscan_tdi -
   C:\XilinxSuite\ISE_DS\EDK\hw\XilinxProcessorIPLib\pcores\mdm_v2_00_a\data\mdm
   _v2_1_0.mpd line 224 - floating connection!
WARNING:EDK:2099 - PORT:bscan_reset CONNECTOR:bscan_reset -
   C:\XilinxSuite\ISE_DS\EDK\hw\XilinxProcessorIPLib\pcores\mdm_v2_00_a\data\mdm
   _v2_1_0.mpd line 225 - floating connection!
WARNING:EDK:2099 - PORT:bscan_shift CONNECTOR:bscan_shift -
   C:\XilinxSuite\ISE_DS\EDK\hw\XilinxProcessorIPLib\pcores\mdm_v2_00_a\data\mdm
   _v2_1_0.mpd line 226 - floating connection!
WARNING:EDK:2099 - PORT:bscan_update CONNECTOR:bscan_update -
   C:\XilinxSuite\ISE_DS\EDK\hw\XilinxProcessorIPLib\pcores\mdm_v2_00_a\data\mdm
   _v2_1_0.mpd line 227 - floating connection!
WARNING:EDK:2099 - PORT:bscan_capture CONNECTOR:bscan_capture -
   C:\XilinxSuite\ISE_DS\EDK\hw\XilinxProcessorIPLib\pcores\mdm_v2_00_a\data\mdm
   _v2_1_0.mpd line 228 - floating connection!
WARNING:EDK:2099 - PORT:bscan_sel1 CONNECTOR:bscan_sel1 -
   C:\XilinxSuite\ISE_DS\EDK\hw\XilinxProcessorIPLib\pcores\mdm_v2_00_a\data\mdm
   _v2_1_0.mpd line 229 - floating connection!
WARNING:EDK:2099 - PORT:bscan_drck1 CONNECTOR:bscan_drck1 -
   C:\XilinxSuite\ISE_DS\EDK\hw\XilinxProcessorIPLib\pcores\mdm_v2_00_a\data\mdm
   _v2_1_0.mpd line 230 - floating connection!

Performing Clock DRCs...

Performing Reset DRCs...

Overriding system level properties...
INFO:EDK:1560 - IPNAME:microblaze INSTANCE:microblaze_0 -
   C:\XilinxSuite\ISE_DS\EDK\hw\XilinxProcessorIPLib\pcores\microblaze_v8_00_a\d
   ata\microblaze_v2_1_0.mpd line 216 - tcl is overriding PARAMETER C_D_PLB
   value to 1
INFO:EDK:1560 - IPNAME:microblaze INSTANCE:microblaze_0 -
   C:\XilinxSuite\ISE_DS\EDK\hw\XilinxProcessorIPLib\pcores\microblaze_v8_00_a\d
   ata\microblaze_v2_1_0.mpd line 219 - tcl is overriding PARAMETER C_I_PLB
   value to 1
INFO:EDK:1560 - IPNAME:microblaze INSTANCE:microblaze_0 -
   C:\XilinxSuite\ISE_DS\EDK\hw\XilinxProcessorIPLib\pcores\microblaze_v8_00_a\d
   ata\microblaze_v2_1_0.mpd line 286 - tcl is overriding PARAMETER
   C_ADDR_TAG_BITS value to 0
INFO:EDK:1560 - IPNAME:microblaze INSTANCE:microblaze_0 -
   C:\XilinxSuite\ISE_DS\EDK\hw\XilinxProcessorIPLib\pcores\microblaze_v8_00_a\d
   ata\microblaze_v2_1_0.mpd line 309 - tcl is overriding PARAMETER
   C_DCACHE_ADDR_TAG value to 0
INFO:EDK:1560 - IPNAME:microblaze INSTANCE:microblaze_0 -
   C:\XilinxSuite\ISE_DS\EDK\hw\XilinxProcessorIPLib\pcores\microblaze_v8_00_a\d
   ata\microblaze_v2_1_0.mpd line 334 - tcl is overriding PARAMETER
   C_USE_INTERRUPT value to 1
INFO:EDK:1560 - IPNAME:microblaze INSTANCE:microblaze_0 -
   C:\XilinxSuite\ISE_DS\EDK\hw\XilinxProcessorIPLib\pcores\microblaze_v8_00_a\d
   ata\microblaze_v2_1_0.mpd line 335 - tcl is overriding PARAMETER
   C_USE_EXT_BRK value to 1
INFO:EDK:1560 - IPNAME:microblaze INSTANCE:microblaze_0 -
   C:\XilinxSuite\ISE_DS\EDK\hw\XilinxProcessorIPLib\pcores\microblaze_v8_00_a\d
   ata\microblaze_v2_1_0.mpd line 336 - tcl is overriding PARAMETER
   C_USE_EXT_NM_BRK value to 1
INFO:EDK:1560 - IPNAME:lmb_bram_if_cntlr INSTANCE:dlmb_cntlr -
   C:\XilinxSuite\ISE_DS\EDK\hw\XilinxProcessorIPLib\pcores\lmb_bram_if_cntlr_v2
   _10_b\data\lmb_bram_if_cntlr_v2_1_0.mpd line 75 - tcl is overriding PARAMETER
   C_MASK value to 0x80000000
INFO:EDK:1560 - IPNAME:lmb_bram_if_cntlr INSTANCE:ilmb_cntlr -
   C:\XilinxSuite\ISE_DS\EDK\hw\XilinxProcessorIPLib\pcores\lmb_bram_if_cntlr_v2
   _10_b\data\lmb_bram_if_cntlr_v2_1_0.mpd line 75 - tcl is overriding PARAMETER
   C_MASK value to 0x80000000
INFO:EDK:1560 - IPNAME:mpmc INSTANCE:DDR2_SDRAM -
   C:\XilinxSuite\ISE_DS\EDK\hw\XilinxProcessorIPLib\pcores\mpmc_v6_02_a\data\mp
   mc_v2_1_0.mpd line 349 - tcl is overriding PARAMETER C_PIM0_B_SUBTYPE value
   to PLB
INFO:EDK:1560 - IPNAME:mpmc INSTANCE:DDR2_SDRAM -
   C:\XilinxSuite\ISE_DS\EDK\hw\XilinxProcessorIPLib\pcores\mpmc_v6_02_a\data\mp
   mc_v2_1_0.mpd line 395 - tcl is overriding PARAMETER C_PIM1_SUBTYPE value to
   SDMA
INFO:EDK:1560 - IPNAME:mpmc INSTANCE:DDR2_SDRAM -
   C:\XilinxSuite\ISE_DS\EDK\hw\XilinxProcessorIPLib\pcores\mpmc_v6_02_a\data\mp
   mc_v2_1_0.mpd line 400 - tcl is overriding PARAMETER C_PIM1_B_SUBTYPE value
   to SDMA
INFO:EDK:1560 - IPNAME:mpmc INSTANCE:DDR2_SDRAM -
   C:\XilinxSuite\ISE_DS\EDK\hw\XilinxProcessorIPLib\pcores\mpmc_v6_02_a\data\mp
   mc_v2_1_0.mpd line 757 - tcl is overriding PARAMETER C_TWR value to 15000
INFO:EDK:1560 - IPNAME:mpmc INSTANCE:DDR2_SDRAM -
   C:\XilinxSuite\ISE_DS\EDK\hw\XilinxProcessorIPLib\pcores\mpmc_v6_02_a\data\mp
   mc_v2_1_0.mpd line 759 - tcl is overriding PARAMETER C_CTRL_IS_WRITE_INDEX
   value to 1
INFO:EDK:1560 - IPNAME:mpmc INSTANCE:DDR2_SDRAM -
   C:\XilinxSuite\ISE_DS\EDK\hw\XilinxProcessorIPLib\pcores\mpmc_v6_02_a\data\mp
   mc_v2_1_0.mpd line 760 - tcl is overriding PARAMETER C_CTRL_PHYIF_RAS_N_INDEX
   value to 2
INFO:EDK:1560 - IPNAME:mpmc INSTANCE:DDR2_SDRAM -
   C:\XilinxSuite\ISE_DS\EDK\hw\XilinxProcessorIPLib\pcores\mpmc_v6_02_a\data\mp
   mc_v2_1_0.mpd line 761 - tcl is overriding PARAMETER C_CTRL_PHYIF_CAS_N_INDEX
   value to 3
INFO:EDK:1560 - IPNAME:mpmc INSTANCE:DDR2_SDRAM -
   C:\XilinxSuite\ISE_DS\EDK\hw\XilinxProcessorIPLib\pcores\mpmc_v6_02_a\data\mp
   mc_v2_1_0.mpd line 762 - tcl is overriding PARAMETER C_CTRL_PHYIF_WE_N_INDEX
   value to 4
INFO:EDK:1560 - IPNAME:mpmc INSTANCE:DDR2_SDRAM -
   C:\XilinxSuite\ISE_DS\EDK\hw\XilinxProcessorIPLib\pcores\mpmc_v6_02_a\data\mp
   mc_v2_1_0.mpd line 763 - tcl is overriding PARAMETER C_CTRL_RMW_INDEX value
   to 6
INFO:EDK:1560 - IPNAME:mpmc INSTANCE:DDR2_SDRAM -
   C:\XilinxSuite\ISE_DS\EDK\hw\XilinxProcessorIPLib\pcores\mpmc_v6_02_a\data\mp
   mc_v2_1_0.mpd line 764 - tcl is overriding PARAMETER C_CTRL_SKIP_0_INDEX
   value to 7
INFO:EDK:1560 - IPNAME:mpmc INSTANCE:DDR2_SDRAM -
   C:\XilinxSuite\ISE_DS\EDK\hw\XilinxProcessorIPLib\pcores\mpmc_v6_02_a\data\mp
   mc_v2_1_0.mpd line 765 - tcl is overriding PARAMETER C_CTRL_PHYIF_DQS_O_INDEX
   value to 8
INFO:EDK:1560 - IPNAME:mpmc INSTANCE:DDR2_SDRAM -
   C:\XilinxSuite\ISE_DS\EDK\hw\XilinxProcessorIPLib\pcores\mpmc_v6_02_a\data\mp
   mc_v2_1_0.mpd line 766 - tcl is overriding PARAMETER C_CTRL_SKIP_1_INDEX
   value to 9
INFO:EDK:1560 - IPNAME:mpmc INSTANCE:DDR2_SDRAM -
   C:\XilinxSuite\ISE_DS\EDK\hw\XilinxProcessorIPLib\pcores\mpmc_v6_02_a\data\mp
   mc_v2_1_0.mpd line 767 - tcl is overriding PARAMETER
   C_CTRL_DP_RDFIFO_PUSH_INDEX value to 10
INFO:EDK:1560 - IPNAME:mpmc INSTANCE:DDR2_SDRAM -
   C:\XilinxSuite\ISE_DS\EDK\hw\XilinxProcessorIPLib\pcores\mpmc_v6_02_a\data\mp
   mc_v2_1_0.mpd line 768 - tcl is overriding PARAMETER C_CTRL_SKIP_2_INDEX
   value to 11
INFO:EDK:1560 - IPNAME:mpmc INSTANCE:DDR2_SDRAM -
   C:\XilinxSuite\ISE_DS\EDK\hw\XilinxProcessorIPLib\pcores\mpmc_v6_02_a\data\mp
   mc_v2_1_0.mpd line 769 - tcl is overriding PARAMETER
   C_CTRL_AP_COL_CNT_LOAD_INDEX value to 12
INFO:EDK:1560 - IPNAME:mpmc INSTANCE:DDR2_SDRAM -
   C:\XilinxSuite\ISE_DS\EDK\hw\XilinxProcessorIPLib\pcores\mpmc_v6_02_a\data\mp
   mc_v2_1_0.mpd line 770 - tcl is overriding PARAMETER
   C_CTRL_AP_COL_CNT_ENABLE_INDEX value to 13
INFO:EDK:1560 - IPNAME:mpmc INSTANCE:DDR2_SDRAM -
   C:\XilinxSuite\ISE_DS\EDK\hw\XilinxProcessorIPLib\pcores\mpmc_v6_02_a\data\mp
   mc_v2_1_0.mpd line 771 - tcl is overriding PARAMETER
   C_CTRL_AP_PRECHARGE_ADDR10_INDEX value to 14
INFO:EDK:1560 - IPNAME:mpmc INSTANCE:DDR2_SDRAM -
   C:\XilinxSuite\ISE_DS\EDK\hw\XilinxProcessorIPLib\pcores\mpmc_v6_02_a\data\mp
   mc_v2_1_0.mpd line 772 - tcl is overriding PARAMETER
   C_CTRL_AP_ROW_COL_SEL_INDEX value to 15
INFO:EDK:1560 - IPNAME:mpmc INSTANCE:DDR2_SDRAM -
   C:\XilinxSuite\ISE_DS\EDK\hw\XilinxProcessorIPLib\pcores\mpmc_v6_02_a\data\mp
   mc_v2_1_0.mpd line 773 - tcl is overriding PARAMETER
   C_CTRL_PHYIF_FORCE_DM_INDEX value to 16
INFO:EDK:1560 - IPNAME:mpmc INSTANCE:DDR2_SDRAM -
   C:\XilinxSuite\ISE_DS\EDK\hw\XilinxProcessorIPLib\pcores\mpmc_v6_02_a\data\mp
   mc_v2_1_0.mpd line 774 - tcl is overriding PARAMETER C_CTRL_REPEAT4_INDEX
   value to 17
INFO:EDK:1560 - IPNAME:mpmc INSTANCE:DDR2_SDRAM -
   C:\XilinxSuite\ISE_DS\EDK\hw\XilinxProcessorIPLib\pcores\mpmc_v6_02_a\data\mp
   mc_v2_1_0.mpd line 785 - tcl is overriding PARAMETER C_CTRL_ARB_RDMODWR_DELAY
   value to 3
INFO:EDK:1560 - IPNAME:mpmc INSTANCE:DDR2_SDRAM -
   C:\XilinxSuite\ISE_DS\EDK\hw\XilinxProcessorIPLib\pcores\mpmc_v6_02_a\data\mp
   mc_v2_1_0.mpd line 786 - tcl is overriding PARAMETER C_CTRL_AP_COL_DELAY
   value to 1
INFO:EDK:1560 - IPNAME:mpmc INSTANCE:DDR2_SDRAM -
   C:\XilinxSuite\ISE_DS\EDK\hw\XilinxProcessorIPLib\pcores\mpmc_v6_02_a\data\mp
   mc_v2_1_0.mpd line 790 - tcl is overriding PARAMETER
   C_CTRL_DP_LOAD_RDWDADDR_DELAY value to 2
INFO:EDK:1560 - IPNAME:mpmc INSTANCE:DDR2_SDRAM -
   C:\XilinxSuite\ISE_DS\EDK\hw\XilinxProcessorIPLib\pcores\mpmc_v6_02_a\data\mp
   mc_v2_1_0.mpd line 791 - tcl is overriding PARAMETER
   C_CTRL_DP_RDFIFO_WHICHPORT_DELAY value to 12
INFO:EDK:1560 - IPNAME:mpmc INSTANCE:DDR2_SDRAM -
   C:\XilinxSuite\ISE_DS\EDK\hw\XilinxProcessorIPLib\pcores\mpmc_v6_02_a\data\mp
   mc_v2_1_0.mpd line 792 - tcl is overriding PARAMETER C_CTRL_DP_SIZE_DELAY
   value to 2
INFO:EDK:1560 - IPNAME:mpmc INSTANCE:DDR2_SDRAM -
   C:\XilinxSuite\ISE_DS\EDK\hw\XilinxProcessorIPLib\pcores\mpmc_v6_02_a\data\mp
   mc_v2_1_0.mpd line 793 - tcl is overriding PARAMETER
   C_CTRL_DP_WRFIFO_WHICHPORT_DELAY value to 4
INFO:EDK:1560 - IPNAME:mpmc INSTANCE:DDR2_SDRAM -
   C:\XilinxSuite\ISE_DS\EDK\hw\XilinxProcessorIPLib\pcores\mpmc_v6_02_a\data\mp
   mc_v2_1_0.mpd line 794 - tcl is overriding PARAMETER
   C_CTRL_PHYIF_DUMMYREADSTART_DELAY value to 5
INFO:EDK:1560 - IPNAME:mpmc INSTANCE:DDR2_SDRAM -
   C:\XilinxSuite\ISE_DS\EDK\hw\XilinxProcessorIPLib\pcores\mpmc_v6_02_a\data\mp
   mc_v2_1_0.mpd line 795 - tcl is overriding PARAMETER C_CTRL_Q0_DELAY value to
   1
INFO:EDK:1560 - IPNAME:mpmc INSTANCE:DDR2_SDRAM -
   C:\XilinxSuite\ISE_DS\EDK\hw\XilinxProcessorIPLib\pcores\mpmc_v6_02_a\data\mp
   mc_v2_1_0.mpd line 796 - tcl is overriding PARAMETER C_CTRL_Q1_DELAY value to
   1
INFO:EDK:1560 - IPNAME:mpmc INSTANCE:DDR2_SDRAM -
   C:\XilinxSuite\ISE_DS\EDK\hw\XilinxProcessorIPLib\pcores\mpmc_v6_02_a\data\mp
   mc_v2_1_0.mpd line 797 - tcl is overriding PARAMETER C_CTRL_Q2_DELAY value to
   2
INFO:EDK:1560 - IPNAME:mpmc INSTANCE:DDR2_SDRAM -
   C:\XilinxSuite\ISE_DS\EDK\hw\XilinxProcessorIPLib\pcores\mpmc_v6_02_a\data\mp
   mc_v2_1_0.mpd line 798 - tcl is overriding PARAMETER C_CTRL_Q3_DELAY value to
   2
INFO:EDK:1560 - IPNAME:mpmc INSTANCE:DDR2_SDRAM -
   C:\XilinxSuite\ISE_DS\EDK\hw\XilinxProcessorIPLib\pcores\mpmc_v6_02_a\data\mp
   mc_v2_1_0.mpd line 799 - tcl is overriding PARAMETER C_CTRL_Q4_DELAY value to
   2
INFO:EDK:1560 - IPNAME:mpmc INSTANCE:DDR2_SDRAM -
   C:\XilinxSuite\ISE_DS\EDK\hw\XilinxProcessorIPLib\pcores\mpmc_v6_02_a\data\mp
   mc_v2_1_0.mpd line 801 - tcl is overriding PARAMETER C_CTRL_Q6_DELAY value to
   5
INFO:EDK:1560 - IPNAME:mpmc INSTANCE:DDR2_SDRAM -
   C:\XilinxSuite\ISE_DS\EDK\hw\XilinxProcessorIPLib\pcores\mpmc_v6_02_a\data\mp
   mc_v2_1_0.mpd line 803 - tcl is overriding PARAMETER C_CTRL_Q8_DELAY value to
   2
INFO:EDK:1560 - IPNAME:mpmc INSTANCE:DDR2_SDRAM -
   C:\XilinxSuite\ISE_DS\EDK\hw\XilinxProcessorIPLib\pcores\mpmc_v6_02_a\data\mp
   mc_v2_1_0.mpd line 805 - tcl is overriding PARAMETER C_CTRL_Q10_DELAY value
   to 2
INFO:EDK:1560 - IPNAME:mpmc INSTANCE:DDR2_SDRAM -
   C:\XilinxSuite\ISE_DS\EDK\hw\XilinxProcessorIPLib\pcores\mpmc_v6_02_a\data\mp
   mc_v2_1_0.mpd line 807 - tcl is overriding PARAMETER C_CTRL_Q12_DELAY value
   to 1
INFO:EDK:1560 - IPNAME:mpmc INSTANCE:DDR2_SDRAM -
   C:\XilinxSuite\ISE_DS\EDK\hw\XilinxProcessorIPLib\pcores\mpmc_v6_02_a\data\mp
   mc_v2_1_0.mpd line 808 - tcl is overriding PARAMETER C_CTRL_Q13_DELAY value
   to 1
INFO:EDK:1560 - IPNAME:mpmc INSTANCE:DDR2_SDRAM -
   C:\XilinxSuite\ISE_DS\EDK\hw\XilinxProcessorIPLib\pcores\mpmc_v6_02_a\data\mp
   mc_v2_1_0.mpd line 809 - tcl is overriding PARAMETER C_CTRL_Q14_DELAY value
   to 1
INFO:EDK:1560 - IPNAME:mpmc INSTANCE:DDR2_SDRAM -
   C:\XilinxSuite\ISE_DS\EDK\hw\XilinxProcessorIPLib\pcores\mpmc_v6_02_a\data\mp
   mc_v2_1_0.mpd line 810 - tcl is overriding PARAMETER C_CTRL_Q15_DELAY value
   to 1
INFO:EDK:1560 - IPNAME:mpmc INSTANCE:DDR2_SDRAM -
   C:\XilinxSuite\ISE_DS\EDK\hw\XilinxProcessorIPLib\pcores\mpmc_v6_02_a\data\mp
   mc_v2_1_0.mpd line 811 - tcl is overriding PARAMETER C_CTRL_Q16_DELAY value
   to 1
INFO:EDK:1560 - IPNAME:mpmc INSTANCE:DDR2_SDRAM -
   C:\XilinxSuite\ISE_DS\EDK\hw\XilinxProcessorIPLib\pcores\mpmc_v6_02_a\data\mp
   mc_v2_1_0.mpd line 812 - tcl is overriding PARAMETER C_CTRL_Q17_DELAY value
   to 1
INFO:EDK:1560 - IPNAME:mpmc INSTANCE:DDR2_SDRAM -
   C:\XilinxSuite\ISE_DS\EDK\hw\XilinxProcessorIPLib\pcores\mpmc_v6_02_a\data\mp
   mc_v2_1_0.mpd line 831 - tcl is overriding PARAMETER C_SKIP_1_VALUE value to
   0x001
INFO:EDK:1560 - IPNAME:mpmc INSTANCE:DDR2_SDRAM -
   C:\XilinxSuite\ISE_DS\EDK\hw\XilinxProcessorIPLib\pcores\mpmc_v6_02_a\data\mp
   mc_v2_1_0.mpd line 832 - tcl is overriding PARAMETER C_SKIP_2_VALUE value to
   0x001
INFO:EDK:1560 - IPNAME:mpmc INSTANCE:DDR2_SDRAM -
   C:\XilinxSuite\ISE_DS\EDK\hw\XilinxProcessorIPLib\pcores\mpmc_v6_02_a\data\mp
   mc_v2_1_0.mpd line 833 - tcl is overriding PARAMETER C_SKIP_3_VALUE value to
   0x001
INFO:EDK:1560 - IPNAME:mpmc INSTANCE:DDR2_SDRAM -
   C:\XilinxSuite\ISE_DS\EDK\hw\XilinxProcessorIPLib\pcores\mpmc_v6_02_a\data\mp
   mc_v2_1_0.mpd line 834 - tcl is overriding PARAMETER C_SKIP_4_VALUE value to
   0x001
INFO:EDK:1560 - IPNAME:mpmc INSTANCE:DDR2_SDRAM -
   C:\XilinxSuite\ISE_DS\EDK\hw\XilinxProcessorIPLib\pcores\mpmc_v6_02_a\data\mp
   mc_v2_1_0.mpd line 835 - tcl is overriding PARAMETER C_SKIP_5_VALUE value to
   0x001
INFO:EDK:1560 - IPNAME:mpmc INSTANCE:DDR2_SDRAM -
   C:\XilinxSuite\ISE_DS\EDK\hw\XilinxProcessorIPLib\pcores\mpmc_v6_02_a\data\mp
   mc_v2_1_0.mpd line 836 - tcl is overriding PARAMETER C_SKIP_6_VALUE value to
   0x001
INFO:EDK:1560 - IPNAME:mpmc INSTANCE:DDR2_SDRAM -
   C:\XilinxSuite\ISE_DS\EDK\hw\XilinxProcessorIPLib\pcores\mpmc_v6_02_a\data\mp
   mc_v2_1_0.mpd line 837 - tcl is overriding PARAMETER C_SKIP_7_VALUE value to
   0x001
INFO:EDK:1560 - IPNAME:mpmc INSTANCE:DDR2_SDRAM -
   C:\XilinxSuite\ISE_DS\EDK\hw\XilinxProcessorIPLib\pcores\mpmc_v6_02_a\data\mp
   mc_v2_1_0.mpd line 840 - tcl is overriding PARAMETER C_B64_REPEAT_CNT value
   to 2
INFO:EDK:1560 - IPNAME:mpmc INSTANCE:DDR2_SDRAM -
   C:\XilinxSuite\ISE_DS\EDK\hw\XilinxProcessorIPLib\pcores\mpmc_v6_02_a\data\mp
   mc_v2_1_0.mpd line 843 - tcl is overriding PARAMETER C_HIGHADDR_CTRL0 value
   to 0x00b
INFO:EDK:1560 - IPNAME:mpmc INSTANCE:DDR2_SDRAM -
   C:\XilinxSuite\ISE_DS\EDK\hw\XilinxProcessorIPLib\pcores\mpmc_v6_02_a\data\mp
   mc_v2_1_0.mpd line 844 - tcl is overriding PARAMETER C_BASEADDR_CTRL1 value
   to 0x00c
INFO:EDK:1560 - IPNAME:mpmc INSTANCE:DDR2_SDRAM -
   C:\XilinxSuite\ISE_DS\EDK\hw\XilinxProcessorIPLib\pcores\mpmc_v6_02_a\data\mp
   mc_v2_1_0.mpd line 845 - tcl is overriding PARAMETER C_HIGHADDR_CTRL1 value
   to 0x013
INFO:EDK:1560 - IPNAME:mpmc INSTANCE:DDR2_SDRAM -
   C:\XilinxSuite\ISE_DS\EDK\hw\XilinxProcessorIPLib\pcores\mpmc_v6_02_a\data\mp
   mc_v2_1_0.mpd line 846 - tcl is overriding PARAMETER C_BASEADDR_CTRL2 value
   to 0x014
INFO:EDK:1560 - IPNAME:mpmc INSTANCE:DDR2_SDRAM -
   C:\XilinxSuite\ISE_DS\EDK\hw\XilinxProcessorIPLib\pcores\mpmc_v6_02_a\data\mp
   mc_v2_1_0.mpd line 847 - tcl is overriding PARAMETER C_HIGHADDR_CTRL2 value
   to 0x01f
INFO:EDK:1560 - IPNAME:mpmc INSTANCE:DDR2_SDRAM -
   C:\XilinxSuite\ISE_DS\EDK\hw\XilinxProcessorIPLib\pcores\mpmc_v6_02_a\data\mp
   mc_v2_1_0.mpd line 848 - tcl is overriding PARAMETER C_BASEADDR_CTRL3 value
   to 0x020
INFO:EDK:1560 - IPNAME:mpmc INSTANCE:DDR2_SDRAM -
   C:\XilinxSuite\ISE_DS\EDK\hw\XilinxProcessorIPLib\pcores\mpmc_v6_02_a\data\mp
   mc_v2_1_0.mpd line 849 - tcl is overriding PARAMETER C_HIGHADDR_CTRL3 value
   to 0x027
INFO:EDK:1560 - IPNAME:mpmc INSTANCE:DDR2_SDRAM -
   C:\XilinxSuite\ISE_DS\EDK\hw\XilinxProcessorIPLib\pcores\mpmc_v6_02_a\data\mp
   mc_v2_1_0.mpd line 850 - tcl is overriding PARAMETER C_BASEADDR_CTRL4 value
   to 0x028
INFO:EDK:1560 - IPNAME:mpmc INSTANCE:DDR2_SDRAM -
   C:\XilinxSuite\ISE_DS\EDK\hw\XilinxProcessorIPLib\pcores\mpmc_v6_02_a\data\mp
   mc_v2_1_0.mpd line 851 - tcl is overriding PARAMETER C_HIGHADDR_CTRL4 value
   to 0x033
INFO:EDK:1560 - IPNAME:mpmc INSTANCE:DDR2_SDRAM -
   C:\XilinxSuite\ISE_DS\EDK\hw\XilinxProcessorIPLib\pcores\mpmc_v6_02_a\data\mp
   mc_v2_1_0.mpd line 852 - tcl is overriding PARAMETER C_BASEADDR_CTRL5 value
   to 0x034
INFO:EDK:1560 - IPNAME:mpmc INSTANCE:DDR2_SDRAM -
   C:\XilinxSuite\ISE_DS\EDK\hw\XilinxProcessorIPLib\pcores\mpmc_v6_02_a\data\mp
   mc_v2_1_0.mpd line 853 - tcl is overriding PARAMETER C_HIGHADDR_CTRL5 value
   to 0x03b
INFO:EDK:1560 - IPNAME:mpmc INSTANCE:DDR2_SDRAM -
   C:\XilinxSuite\ISE_DS\EDK\hw\XilinxProcessorIPLib\pcores\mpmc_v6_02_a\data\mp
   mc_v2_1_0.mpd line 854 - tcl is overriding PARAMETER C_BASEADDR_CTRL6 value
   to 0x03c
INFO:EDK:1560 - IPNAME:mpmc INSTANCE:DDR2_SDRAM -
   C:\XilinxSuite\ISE_DS\EDK\hw\XilinxProcessorIPLib\pcores\mpmc_v6_02_a\data\mp
   mc_v2_1_0.mpd line 855 - tcl is overriding PARAMETER C_HIGHADDR_CTRL6 value
   to 0x047
INFO:EDK:1560 - IPNAME:mpmc INSTANCE:DDR2_SDRAM -
   C:\XilinxSuite\ISE_DS\EDK\hw\XilinxProcessorIPLib\pcores\mpmc_v6_02_a\data\mp
   mc_v2_1_0.mpd line 856 - tcl is overriding PARAMETER C_BASEADDR_CTRL7 value
   to 0x048
INFO:EDK:1560 - IPNAME:mpmc INSTANCE:DDR2_SDRAM -
   C:\XilinxSuite\ISE_DS\EDK\hw\XilinxProcessorIPLib\pcores\mpmc_v6_02_a\data\mp
   mc_v2_1_0.mpd line 857 - tcl is overriding PARAMETER C_HIGHADDR_CTRL7 value
   to 0x04f
INFO:EDK:1560 - IPNAME:mpmc INSTANCE:DDR2_SDRAM -
   C:\XilinxSuite\ISE_DS\EDK\hw\XilinxProcessorIPLib\pcores\mpmc_v6_02_a\data\mp
   mc_v2_1_0.mpd line 858 - tcl is overriding PARAMETER C_BASEADDR_CTRL8 value
   to 0x050
INFO:EDK:1560 - IPNAME:mpmc INSTANCE:DDR2_SDRAM -
   C:\XilinxSuite\ISE_DS\EDK\hw\XilinxProcessorIPLib\pcores\mpmc_v6_02_a\data\mp
   mc_v2_1_0.mpd line 859 - tcl is overriding PARAMETER C_HIGHADDR_CTRL8 value
   to 0x05d
INFO:EDK:1560 - IPNAME:mpmc INSTANCE:DDR2_SDRAM -
   C:\XilinxSuite\ISE_DS\EDK\hw\XilinxProcessorIPLib\pcores\mpmc_v6_02_a\data\mp
   mc_v2_1_0.mpd line 860 - tcl is overriding PARAMETER C_BASEADDR_CTRL9 value
   to 0x05e
INFO:EDK:1560 - IPNAME:mpmc INSTANCE:DDR2_SDRAM -
   C:\XilinxSuite\ISE_DS\EDK\hw\XilinxProcessorIPLib\pcores\mpmc_v6_02_a\data\mp
   mc_v2_1_0.mpd line 861 - tcl is overriding PARAMETER C_HIGHADDR_CTRL9 value
   to 0x066
INFO:EDK:1560 - IPNAME:mpmc INSTANCE:DDR2_SDRAM -
   C:\XilinxSuite\ISE_DS\EDK\hw\XilinxProcessorIPLib\pcores\mpmc_v6_02_a\data\mp
   mc_v2_1_0.mpd line 862 - tcl is overriding PARAMETER C_BASEADDR_CTRL10 value
   to 0x067
INFO:EDK:1560 - IPNAME:mpmc INSTANCE:DDR2_SDRAM -
   C:\XilinxSuite\ISE_DS\EDK\hw\XilinxProcessorIPLib\pcores\mpmc_v6_02_a\data\mp
   mc_v2_1_0.mpd line 863 - tcl is overriding PARAMETER C_HIGHADDR_CTRL10 value
   to 0x078
INFO:EDK:1560 - IPNAME:mpmc INSTANCE:DDR2_SDRAM -
   C:\XilinxSuite\ISE_DS\EDK\hw\XilinxProcessorIPLib\pcores\mpmc_v6_02_a\data\mp
   mc_v2_1_0.mpd line 864 - tcl is overriding PARAMETER C_BASEADDR_CTRL11 value
   to 0x079
INFO:EDK:1560 - IPNAME:mpmc INSTANCE:DDR2_SDRAM -
   C:\XilinxSuite\ISE_DS\EDK\hw\XilinxProcessorIPLib\pcores\mpmc_v6_02_a\data\mp
   mc_v2_1_0.mpd line 865 - tcl is overriding PARAMETER C_HIGHADDR_CTRL11 value
   to 0x085
INFO:EDK:1560 - IPNAME:mpmc INSTANCE:DDR2_SDRAM -
   C:\XilinxSuite\ISE_DS\EDK\hw\XilinxProcessorIPLib\pcores\mpmc_v6_02_a\data\mp
   mc_v2_1_0.mpd line 866 - tcl is overriding PARAMETER C_BASEADDR_CTRL12 value
   to 0x086
INFO:EDK:1560 - IPNAME:mpmc INSTANCE:DDR2_SDRAM -
   C:\XilinxSuite\ISE_DS\EDK\hw\XilinxProcessorIPLib\pcores\mpmc_v6_02_a\data\mp
   mc_v2_1_0.mpd line 867 - tcl is overriding PARAMETER C_HIGHADDR_CTRL12 value
   to 0x097
INFO:EDK:1560 - IPNAME:mpmc INSTANCE:DDR2_SDRAM -
   C:\XilinxSuite\ISE_DS\EDK\hw\XilinxProcessorIPLib\pcores\mpmc_v6_02_a\data\mp
   mc_v2_1_0.mpd line 868 - tcl is overriding PARAMETER C_BASEADDR_CTRL13 value
   to 0x098
INFO:EDK:1560 - IPNAME:mpmc INSTANCE:DDR2_SDRAM -
   C:\XilinxSuite\ISE_DS\EDK\hw\XilinxProcessorIPLib\pcores\mpmc_v6_02_a\data\mp
   mc_v2_1_0.mpd line 869 - tcl is overriding PARAMETER C_HIGHADDR_CTRL13 value
   to 0x0a4
INFO:EDK:1560 - IPNAME:mpmc INSTANCE:DDR2_SDRAM -
   C:\XilinxSuite\ISE_DS\EDK\hw\XilinxProcessorIPLib\pcores\mpmc_v6_02_a\data\mp
   mc_v2_1_0.mpd line 870 - tcl is overriding PARAMETER C_BASEADDR_CTRL14 value
   to 0x0a5
INFO:EDK:1560 - IPNAME:mpmc INSTANCE:DDR2_SDRAM -
   C:\XilinxSuite\ISE_DS\EDK\hw\XilinxProcessorIPLib\pcores\mpmc_v6_02_a\data\mp
   mc_v2_1_0.mpd line 871 - tcl is overriding PARAMETER C_HIGHADDR_CTRL14 value
   to 0x0b5
INFO:EDK:1560 - IPNAME:mpmc INSTANCE:DDR2_SDRAM -
   C:\XilinxSuite\ISE_DS\EDK\hw\XilinxProcessorIPLib\pcores\mpmc_v6_02_a\data\mp
   mc_v2_1_0.mpd line 872 - tcl is overriding PARAMETER C_BASEADDR_CTRL15 value
   to 0x0b6
INFO:EDK:1560 - IPNAME:mpmc INSTANCE:DDR2_SDRAM -
   C:\XilinxSuite\ISE_DS\EDK\hw\XilinxProcessorIPLib\pcores\mpmc_v6_02_a\data\mp
   mc_v2_1_0.mpd line 873 - tcl is overriding PARAMETER C_HIGHADDR_CTRL15 value
   to 0x0b7
INFO:EDK:1560 - IPNAME:mpmc INSTANCE:DDR2_SDRAM -
   C:\XilinxSuite\ISE_DS\EDK\hw\XilinxProcessorIPLib\pcores\mpmc_v6_02_a\data\mp
   mc_v2_1_0.mpd line 914 - tcl is overriding PARAMETER C_CTRL_BRAM_INIT_19
   value to 0x000002FC000002FC000002FC000002FC000002FC000002FC000002FC000002FC
INFO:EDK:1560 - IPNAME:mpmc INSTANCE:DDR2_SDRAM -
   C:\XilinxSuite\ISE_DS\EDK\hw\XilinxProcessorIPLib\pcores\mpmc_v6_02_a\data\mp
   mc_v2_1_0.mpd line 915 - tcl is overriding PARAMETER C_CTRL_BRAM_INIT_18
   value to 0x000002FC000002FC000002FC000002FC000002FC000002FC000002FC000002FC
INFO:EDK:1560 - IPNAME:mpmc INSTANCE:DDR2_SDRAM -
   C:\XilinxSuite\ISE_DS\EDK\hw\XilinxProcessorIPLib\pcores\mpmc_v6_02_a\data\mp
   mc_v2_1_0.mpd line 916 - tcl is overriding PARAMETER C_CTRL_BRAM_INIT_17
   value to 0x000002FC000002FC000002FC000002FC000002FC000002FC000002FC000002FC
INFO:EDK:1560 - IPNAME:mpmc INSTANCE:DDR2_SDRAM -
   C:\XilinxSuite\ISE_DS\EDK\hw\XilinxProcessorIPLib\pcores\mpmc_v6_02_a\data\mp
   mc_v2_1_0.mpd line 917 - tcl is overriding PARAMETER C_CTRL_BRAM_INIT_16
   value to 0x0000001C0000001C0000001C0000001C0000001C0000001C0000001C0000001D
INFO:EDK:1560 - IPNAME:mpmc INSTANCE:DDR2_SDRAM -
   C:\XilinxSuite\ISE_DS\EDK\hw\XilinxProcessorIPLib\pcores\mpmc_v6_02_a\data\mp
   mc_v2_1_0.mpd line 918 - tcl is overriding PARAMETER C_CTRL_BRAM_INIT_15
   value to 0x0000001C0000001C0000001C0000001C0000001C0000001C0000001C00000010
INFO:EDK:1560 - IPNAME:mpmc INSTANCE:DDR2_SDRAM -
   C:\XilinxSuite\ISE_DS\EDK\hw\XilinxProcessorIPLib\pcores\mpmc_v6_02_a\data\mp
   mc_v2_1_0.mpd line 919 - tcl is overriding PARAMETER C_CTRL_BRAM_INIT_14
   value to 0x0000001C0000001C000040080000001C0000001C000040080000001C00002414
INFO:EDK:1560 - IPNAME:mpmc INSTANCE:DDR2_SDRAM -
   C:\XilinxSuite\ISE_DS\EDK\hw\XilinxProcessorIPLib\pcores\mpmc_v6_02_a\data\mp
   mc_v2_1_0.mpd line 920 - tcl is overriding PARAMETER C_CTRL_BRAM_INIT_13
   value to 0x0000041D000024140000041C000024140002041C000024140000141C00008018
INFO:EDK:1560 - IPNAME:mpmc INSTANCE:DDR2_SDRAM -
   C:\XilinxSuite\ISE_DS\EDK\hw\XilinxProcessorIPLib\pcores\mpmc_v6_02_a\data\mp
   mc_v2_1_0.mpd line 921 - tcl is overriding PARAMETER C_CTRL_BRAM_INIT_12
   value to 0x0000001E0000001E0000001E0000400A0000001E0000001F0000001E0000201E
INFO:EDK:1560 - IPNAME:mpmc INSTANCE:DDR2_SDRAM -
   C:\XilinxSuite\ISE_DS\EDK\hw\XilinxProcessorIPLib\pcores\mpmc_v6_02_a\data\mp
   mc_v2_1_0.mpd line 922 - tcl is overriding PARAMETER C_CTRL_BRAM_INIT_11
   value to 0x0000001E000021060000011E000021060000011E000021060002011E00002106
INFO:EDK:1560 - IPNAME:mpmc INSTANCE:DDR2_SDRAM -
   C:\XilinxSuite\ISE_DS\EDK\hw\XilinxProcessorIPLib\pcores\mpmc_v6_02_a\data\mp
   mc_v2_1_0.mpd line 923 - tcl is overriding PARAMETER C_CTRL_BRAM_INIT_10
   value to 0x0000111E0000801A0000001C0000001C000040080000001C000024140000041D
INFO:EDK:1560 - IPNAME:mpmc INSTANCE:DDR2_SDRAM -
   C:\XilinxSuite\ISE_DS\EDK\hw\XilinxProcessorIPLib\pcores\mpmc_v6_02_a\data\mp
   mc_v2_1_0.mpd line 924 - tcl is overriding PARAMETER C_CTRL_BRAM_INIT_0F
   value to 0x000024140000041C000024140002041C000024140000141C000080180000001E
INFO:EDK:1560 - IPNAME:mpmc INSTANCE:DDR2_SDRAM -
   C:\XilinxSuite\ISE_DS\EDK\hw\XilinxProcessorIPLib\pcores\mpmc_v6_02_a\data\mp
   mc_v2_1_0.mpd line 925 - tcl is overriding PARAMETER C_CTRL_BRAM_INIT_0E
   value to 0x0000001E0000001E0000400A0000001E0000001F0000001E0000201E0000001E
INFO:EDK:1560 - IPNAME:mpmc INSTANCE:DDR2_SDRAM -
   C:\XilinxSuite\ISE_DS\EDK\hw\XilinxProcessorIPLib\pcores\mpmc_v6_02_a\data\mp
   mc_v2_1_0.mpd line 926 - tcl is overriding PARAMETER C_CTRL_BRAM_INIT_0D
   value to 0x000021060000011E000021060000011E000021060002011E000021060000111E
INFO:EDK:1560 - IPNAME:mpmc INSTANCE:DDR2_SDRAM -
   C:\XilinxSuite\ISE_DS\EDK\hw\XilinxProcessorIPLib\pcores\mpmc_v6_02_a\data\mp
   mc_v2_1_0.mpd line 927 - tcl is overriding PARAMETER C_CTRL_BRAM_INIT_0C
   value to 0x0000801A0000001C0000001C000040080000001C000024140000041D00002414
INFO:EDK:1560 - IPNAME:mpmc INSTANCE:DDR2_SDRAM -
   C:\XilinxSuite\ISE_DS\EDK\hw\XilinxProcessorIPLib\pcores\mpmc_v6_02_a\data\mp
   mc_v2_1_0.mpd line 928 - tcl is overriding PARAMETER C_CTRL_BRAM_INIT_0B
   value to 0x0000141C000080180000001E0000001E0000001E0000400A0000001E0000001F
INFO:EDK:1560 - IPNAME:mpmc INSTANCE:DDR2_SDRAM -
   C:\XilinxSuite\ISE_DS\EDK\hw\XilinxProcessorIPLib\pcores\mpmc_v6_02_a\data\mp
   mc_v2_1_0.mpd line 929 - tcl is overriding PARAMETER C_CTRL_BRAM_INIT_0A
   value to 0x0000001E0000201E0000001E000021060000011E000021060000111E0000801A
INFO:EDK:1560 - IPNAME:mpmc INSTANCE:DDR2_SDRAM -
   C:\XilinxSuite\ISE_DS\EDK\hw\XilinxProcessorIPLib\pcores\mpmc_v6_02_a\data\mp
   mc_v2_1_0.mpd line 930 - tcl is overriding PARAMETER C_CTRL_BRAM_INIT_09
   value to 0x0000001C0000001C000040080000001C0000001C000024150000141C00008018
INFO:EDK:1560 - IPNAME:mpmc INSTANCE:DDR2_SDRAM -
   C:\XilinxSuite\ISE_DS\EDK\hw\XilinxProcessorIPLib\pcores\mpmc_v6_02_a\data\mp
   mc_v2_1_0.mpd line 931 - tcl is overriding PARAMETER C_CTRL_BRAM_INIT_08
   value to 0x0000001E0000001E0000001E0000400A0000001E0000001F0000001E0000201E
INFO:EDK:1560 - IPNAME:mpmc INSTANCE:DDR2_SDRAM -
   C:\XilinxSuite\ISE_DS\EDK\hw\XilinxProcessorIPLib\pcores\mpmc_v6_02_a\data\mp
   mc_v2_1_0.mpd line 932 - tcl is overriding PARAMETER C_CTRL_BRAM_INIT_07
   value to 0x0000001E000021060000111E0000801A0000001C0000001C000040080000001C
INFO:EDK:1560 - IPNAME:mpmc INSTANCE:DDR2_SDRAM -
   C:\XilinxSuite\ISE_DS\EDK\hw\XilinxProcessorIPLib\pcores\mpmc_v6_02_a\data\mp
   mc_v2_1_0.mpd line 933 - tcl is overriding PARAMETER C_CTRL_BRAM_INIT_06
   value to 0x0000001C000020150000141C000080180000001E0000001E0000001E0000400A
INFO:EDK:1560 - IPNAME:mpmc INSTANCE:DDR2_SDRAM -
   C:\XilinxSuite\ISE_DS\EDK\hw\XilinxProcessorIPLib\pcores\mpmc_v6_02_a\data\mp
   mc_v2_1_0.mpd line 934 - tcl is overriding PARAMETER C_CTRL_BRAM_INIT_05
   value to 0x0000001E0000001F0000001E0000001E0000001E000021060001111E0000801A
INFO:EDK:1560 - IPNAME:mpmc INSTANCE:DDR2_SDRAM -
   C:\XilinxSuite\ISE_DS\EDK\hw\XilinxProcessorIPLib\pcores\mpmc_v6_02_a\data\mp
   mc_v2_1_0.mpd line 935 - tcl is overriding PARAMETER C_CTRL_BRAM_INIT_04
   value to 0x0000001C0000001C000040080000001C0000001C000020150000141C00008018
INFO:EDK:1560 - IPNAME:mpmc INSTANCE:DDR2_SDRAM -
   C:\XilinxSuite\ISE_DS\EDK\hw\XilinxProcessorIPLib\pcores\mpmc_v6_02_a\data\mp
   mc_v2_1_0.mpd line 936 - tcl is overriding PARAMETER C_CTRL_BRAM_INIT_03
   value to 0x0000001E0000001E0000001E0000400A0000001E0000001F0000001E0000001E
INFO:EDK:1560 - IPNAME:mpmc INSTANCE:DDR2_SDRAM -
   C:\XilinxSuite\ISE_DS\EDK\hw\XilinxProcessorIPLib\pcores\mpmc_v6_02_a\data\mp
   mc_v2_1_0.mpd line 937 - tcl is overriding PARAMETER C_CTRL_BRAM_INIT_02
   value to 0x0000001E000021060001111E0000801A0000001C0000001C000040080000001C
INFO:EDK:1560 - IPNAME:mpmc INSTANCE:DDR2_SDRAM -
   C:\XilinxSuite\ISE_DS\EDK\hw\XilinxProcessorIPLib\pcores\mpmc_v6_02_a\data\mp
   mc_v2_1_0.mpd line 938 - tcl is overriding PARAMETER C_CTRL_BRAM_INIT_01
   value to 0x0000001C000020150000141C000080180000001E0000001E0000001E0000400A
INFO:EDK:1560 - IPNAME:mpmc INSTANCE:DDR2_SDRAM -
   C:\XilinxSuite\ISE_DS\EDK\hw\XilinxProcessorIPLib\pcores\mpmc_v6_02_a\data\mp
   mc_v2_1_0.mpd line 939 - tcl is overriding PARAMETER C_CTRL_BRAM_INIT_00
   value to 0x0000001E0000001F0000001E0000001E0000001E000021060001111E0000801A
INFO:EDK:1560 - IPNAME:mpmc INSTANCE:DDR2_SDRAM -
   C:\XilinxSuite\ISE_DS\EDK\hw\XilinxProcessorIPLib\pcores\mpmc_v6_02_a\data\mp
   mc_v2_1_0.mpd line 945 - tcl is overriding PARAMETER C_CTRL_BRAM_INITP_03
   value to 0x0000000000000000000000000000000000000000000000000000000000000000
INFO:EDK:1560 - IPNAME:mpmc INSTANCE:DDR2_SDRAM -
   C:\XilinxSuite\ISE_DS\EDK\hw\XilinxProcessorIPLib\pcores\mpmc_v6_02_a\data\mp
   mc_v2_1_0.mpd line 946 - tcl is overriding PARAMETER C_CTRL_BRAM_INITP_02
   value to 0x0000000000000000000000000000000000000000000000000000000000000000
INFO:EDK:1560 - IPNAME:mpmc INSTANCE:DDR2_SDRAM -
   C:\XilinxSuite\ISE_DS\EDK\hw\XilinxProcessorIPLib\pcores\mpmc_v6_02_a\data\mp
   mc_v2_1_0.mpd line 947 - tcl is overriding PARAMETER C_CTRL_BRAM_INITP_01
   value to 0x0000000000000000000000000000000000000000000000000000000000000000
INFO:EDK:1560 - IPNAME:mpmc INSTANCE:DDR2_SDRAM -
   C:\XilinxSuite\ISE_DS\EDK\hw\XilinxProcessorIPLib\pcores\mpmc_v6_02_a\data\mp
   mc_v2_1_0.mpd line 948 - tcl is overriding PARAMETER C_CTRL_BRAM_INITP_00
   value to 0x0000000000000000000000000000000000000000000000000000000000000000
INFO:EDK:1560 - IPNAME:xps_intc INSTANCE:xps_intc_0 -
   C:\XilinxSuite\ISE_DS\EDK\hw\XilinxProcessorIPLib\pcores\xps_intc_v2_01_a\dat
   a\xps_intc_v2_1_0.mpd line 77 - tcl is overriding PARAMETER C_NUM_INTR_INPUTS
   value to 9
INFO:EDK:1560 - IPNAME:xps_intc INSTANCE:xps_intc_0 -
   C:\XilinxSuite\ISE_DS\EDK\hw\XilinxProcessorIPLib\pcores\xps_intc_v2_01_a\dat
   a\xps_intc_v2_1_0.mpd line 78 - tcl is overriding PARAMETER C_KIND_OF_INTR
   value to 0b11111111111111111111111000001000
INFO:EDK:1560 - IPNAME:xps_intc INSTANCE:xps_intc_0 -
   C:\XilinxSuite\ISE_DS\EDK\hw\XilinxProcessorIPLib\pcores\xps_intc_v2_01_a\dat
   a\xps_intc_v2_1_0.mpd line 79 - tcl is overriding PARAMETER C_KIND_OF_EDGE
   value to 0b11111111111111111111111111111111
INFO:EDK:1560 - IPNAME:xps_intc INSTANCE:xps_intc_0 -
   C:\XilinxSuite\ISE_DS\EDK\hw\XilinxProcessorIPLib\pcores\xps_intc_v2_01_a\dat
   a\xps_intc_v2_1_0.mpd line 80 - tcl is overriding PARAMETER C_KIND_OF_LVL
   value to 0b11111111111111111111111111111110

Running system level update procedures...

Running UPDATE Tcl procedures for OPTION SYSLEVEL_UPDATE_PROC...

Running system level DRCs...

Performing System level DRCs on properties...

Running DRC Tcl procedures for OPTION SYSLEVEL_DRC_PROC...
INFO:coreutil - Hardware Evaluation license for component <soft_temac_wrap_v2>
   found. The generated design will cease to function in the programmed device
   after operating for some period of time. This allows you to evaluate the
   component in hardware. You are encouraged to license this component.
   For ordering information, please refer to the product page for this component
   on: www.xilinx.com

Running UPDATE Tcl procedures for OPTION PLATGEN_SYSLEVEL_UPDATE_PROC...
INFO: The microblaze_0 core has constraints automatically generated by XPS in
implementation/microblaze_0_wrapper/microblaze_0_wrapper.ucf.
It can be overridden by constraints placed in the system.ucf file.

INFO: The ilmb core has constraints automatically generated by XPS in
implementation/ilmb_wrapper/ilmb_wrapper.ucf.
It can be overridden by constraints placed in the system.ucf file.

INFO: The dlmb core has constraints automatically generated by XPS in
implementation/dlmb_wrapper/dlmb_wrapper.ucf.
It can be overridden by constraints placed in the system.ucf file.

INFO: The Hard_Ethernet_MAC core has constraints automatically generated by XPS
in implementation/hard_ethernet_mac_wrapper/hard_ethernet_mac_wrapper.ucf.
It can be overridden by constraints placed in the system.ucf file.

INFO: The DDR2_SDRAM core has constraints automatically generated by XPS in
implementation/ddr2_sdram_wrapper/ddr2_sdram_wrapper.ucf.
It can be overridden by constraints placed in the system.ucf file.


Modify defaults ...

Creating stub ...

Processing licensed instances ...
IPNAME:xps_ll_temac INSTANCE:Hard_Ethernet_MAC -
C:\Users\fpga10\FPGAproj\FPGAproj.mhs line 245 - processing license
WARNING:coreutil:8 - Feature <soft_temac_wrap_v2> is enabled with a
   Hardware_Evaluation license.
Completion time: 1.00 seconds

Creating hardware output directories ...

Managing hardware (BBD-specified) netlist files ...

Managing cache ...

Elaborating instances ...
IPNAME:bram_block INSTANCE:lmb_bram - C:\Users\fpga10\FPGAproj\FPGAproj.mhs line
128 - elaborating IP
IPNAME:clock_generator INSTANCE:clock_generator_0 -
C:\Users\fpga10\FPGAproj\FPGAproj.mhs line 377 - elaborating IP
ClkGen elaborate status: PASSED
----------------------------------------

Writing HDL for elaborated instances ...

Inserting wrapper level ...
Completion time: 2.00 seconds

Constructing platform-level connectivity ...
Completion time: 1.00 seconds

Writing (top-level) BMM ...

Writing (top-level and wrappers) HDL ...

Generating synthesis project file ...

Running XST synthesis ...

INFO:EDK:2502 - The following instances are synthesized with XST. The MPD option
   IMP_NETLIST=TRUE indicates that a NGC file is to be produced using XST
   synthesis. IMP_NETLIST=FALSE (default) instances are not synthesized. 
INSTANCE:microblaze_0 - C:\Users\fpga10\FPGAproj\FPGAproj.mhs line 75 - Running
XST synthesis
INSTANCE:mb_plb - C:\Users\fpga10\FPGAproj\FPGAproj.mhs line 89 - Running XST
synthesis
INSTANCE:ilmb - C:\Users\fpga10\FPGAproj\FPGAproj.mhs line 96 - Running XST
synthesis
INSTANCE:dlmb - C:\Users\fpga10\FPGAproj\FPGAproj.mhs line 103 - Running XST
synthesis
INSTANCE:dlmb_cntlr - C:\Users\fpga10\FPGAproj\FPGAproj.mhs line 110 - Running
XST synthesis
INSTANCE:ilmb_cntlr - C:\Users\fpga10\FPGAproj\FPGAproj.mhs line 119 - Running
XST synthesis
INSTANCE:lmb_bram - C:\Users\fpga10\FPGAproj\FPGAproj.mhs line 128 - Running XST
synthesis
INSTANCE:leds_8bit - C:\Users\fpga10\FPGAproj\FPGAproj.mhs line 135 - Running
XST synthesis
INSTANCE:leds_positions - C:\Users\fpga10\FPGAproj\FPGAproj.mhs line 148 -
Running XST synthesis
INSTANCE:push_buttons_5bit - C:\Users\fpga10\FPGAproj\FPGAproj.mhs line 161 -
Running XST synthesis
INSTANCE:dip_switches_8bit - C:\Users\fpga10\FPGAproj\FPGAproj.mhs line 174 -
Running XST synthesis
INSTANCE:ps2_mouse - C:\Users\fpga10\FPGAproj\FPGAproj.mhs line 187 - Running
XST synthesis
INSTANCE:ps2_keyboard - C:\Users\fpga10\FPGAproj\FPGAproj.mhs line 195 - Running
XST synthesis
INSTANCE:iic_eeprom - C:\Users\fpga10\FPGAproj\FPGAproj.mhs line 203 - Running
XST synthesis
INSTANCE:sram - C:\Users\fpga10\FPGAproj\FPGAproj.mhs line 216 - Running XST
synthesis
INSTANCE:hard_ethernet_mac - C:\Users\fpga10\FPGAproj\FPGAproj.mhs line 245 -
Running XST synthesis
INSTANCE:ddr2_sdram - C:\Users\fpga10\FPGAproj\FPGAproj.mhs line 277 - Running
XST synthesis
INSTANCE:sysace_compactflash - C:\Users\fpga10\FPGAproj\FPGAproj.mhs line 325 -
Running XST synthesis
INSTANCE:rs232_uart_1 - C:\Users\fpga10\FPGAproj\FPGAproj.mhs line 342 - Running
XST synthesis
INSTANCE:rs232_uart_2 - C:\Users\fpga10\FPGAproj\FPGAproj.mhs line 354 - Running
XST synthesis
INSTANCE:xps_timer_0 - C:\Users\fpga10\FPGAproj\FPGAproj.mhs line 366 - Running
XST synthesis
INSTANCE:clock_generator_0 - C:\Users\fpga10\FPGAproj\FPGAproj.mhs line 377 -
Running XST synthesis
INSTANCE:mdm_0 - C:\Users\fpga10\FPGAproj\FPGAproj.mhs line 412 - Running XST
synthesis
INSTANCE:proc_sys_reset_0 - C:\Users\fpga10\FPGAproj\FPGAproj.mhs line 424 -
Running XST synthesis
INSTANCE:xps_intc_0 - C:\Users\fpga10\FPGAproj\FPGAproj.mhs line 437 - Running
XST synthesis

Running NGCBUILD ...
IPNAME:microblaze_0_wrapper INSTANCE:microblaze_0 -
C:\Users\fpga10\FPGAproj\FPGAproj.mhs line 75 - Running NGCBUILD
IPNAME:ilmb_wrapper INSTANCE:ilmb - C:\Users\fpga10\FPGAproj\FPGAproj.mhs line
96 - Running NGCBUILD
IPNAME:dlmb_wrapper INSTANCE:dlmb - C:\Users\fpga10\FPGAproj\FPGAproj.mhs line
103 - Running NGCBUILD
IPNAME:hard_ethernet_mac_wrapper INSTANCE:hard_ethernet_mac -
C:\Users\fpga10\FPGAproj\FPGAproj.mhs line 245 - Running NGCBUILD
IPNAME:ddr2_sdram_wrapper INSTANCE:ddr2_sdram -
C:\Users\fpga10\FPGAproj\FPGAproj.mhs line 277 - Running NGCBUILD
IPNAME:clock_generator_0_wrapper INSTANCE:clock_generator_0 -
C:\Users\fpga10\FPGAproj\FPGAproj.mhs line 377 - Running NGCBUILD
IPNAME:xps_intc_0_wrapper INSTANCE:xps_intc_0 -
C:\Users\fpga10\FPGAproj\FPGAproj.mhs line 437 - Running NGCBUILD

Rebuilding cache ...

Total run time: 857.00 seconds
