
Checking platform configuration ...
IPNAME:plb_v46 INSTANCE:mb_plb - C:\Users\fpga10\FPGAproj\FPGAproj.mhs line 89 -
2 master(s) : 17 slave(s)
IPNAME:lmb_v10 INSTANCE:ilmb - C:\Users\fpga10\FPGAproj\FPGAproj.mhs line 96 - 1
master(s) : 1 slave(s)
IPNAME:lmb_v10 INSTANCE:dlmb - C:\Users\fpga10\FPGAproj\FPGAproj.mhs line 103 -
1 master(s) : 1 slave(s)

Checking port drivers...
WARNING:EDK:2098 - PORT:IWAIT CONNECTOR:ilmb_LMB_Wait -
   C:\XilinxSuite\ISE_DS\EDK\hw\XilinxProcessorIPLib\pcores\microblaze_v8_00_a\d
   ata\microblaze_v2_1_0.mpd line 352 - No driver found. Port will be driven to
   GND!
WARNING:EDK:2098 - PORT:ICE CONNECTOR:ilmb_LMB_CE -
   C:\XilinxSuite\ISE_DS\EDK\hw\XilinxProcessorIPLib\pcores\microblaze_v8_00_a\d
   ata\microblaze_v2_1_0.mpd line 353 - No driver found. Port will be driven to
   GND!
WARNING:EDK:2098 - PORT:IUE CONNECTOR:ilmb_LMB_UE -
   C:\XilinxSuite\ISE_DS\EDK\hw\XilinxProcessorIPLib\pcores\microblaze_v8_00_a\d
   ata\microblaze_v2_1_0.mpd line 354 - No driver found. Port will be driven to
   GND!
WARNING:EDK:2098 - PORT:DWAIT CONNECTOR:dlmb_LMB_Wait -
   C:\XilinxSuite\ISE_DS\EDK\hw\XilinxProcessorIPLib\pcores\microblaze_v8_00_a\d
   ata\microblaze_v2_1_0.mpd line 390 - No driver found. Port will be driven to
   GND!
WARNING:EDK:2098 - PORT:DCE CONNECTOR:dlmb_LMB_CE -
   C:\XilinxSuite\ISE_DS\EDK\hw\XilinxProcessorIPLib\pcores\microblaze_v8_00_a\d
   ata\microblaze_v2_1_0.mpd line 391 - No driver found. Port will be driven to
   GND!
WARNING:EDK:2098 - PORT:DUE CONNECTOR:dlmb_LMB_UE -
   C:\XilinxSuite\ISE_DS\EDK\hw\XilinxProcessorIPLib\pcores\microblaze_v8_00_a\d
   ata\microblaze_v2_1_0.mpd line 392 - No driver found. Port will be driven to
   GND!
WARNING:EDK:2098 - PORT:HostMiimRdy CONNECTOR:host_mii_rdy -
   C:\XilinxSuite\ISE_DS\EDK\hw\XilinxProcessorIPLib\pcores\xps_ll_temac_v2_03_a
   \data\xps_ll_temac_v2_1_0.mpd line 263 - No driver found. Port will be driven
   to GND!
WARNING:EDK:2098 - PORT:HostRdData CONNECTOR:host_rd_data -
   C:\XilinxSuite\ISE_DS\EDK\hw\XilinxProcessorIPLib\pcores\xps_ll_temac_v2_03_a
   \data\xps_ll_temac_v2_1_0.mpd line 264 - No driver found. Port will be driven
   to GND!
WARNING:EDK:2098 - PORT:bscan_tdo1 CONNECTOR:bscan_tdo1 -
   C:\XilinxSuite\ISE_DS\EDK\hw\XilinxProcessorIPLib\pcores\mdm_v2_00_a\data\mdm
   _v2_1_0.mpd line 231 - No driver found. Port will be driven to GND!
WARNING:EDK:2099 - PORT:HostMiimSel CONNECTOR:host_mii_sel -
   C:\XilinxSuite\ISE_DS\EDK\hw\XilinxProcessorIPLib\pcores\xps_ll_temac_v2_03_a
   \data\xps_ll_temac_v2_1_0.mpd line 265 - floating connection!
WARNING:EDK:2099 - PORT:HostReq CONNECTOR:host_req -
   C:\XilinxSuite\ISE_DS\EDK\hw\XilinxProcessorIPLib\pcores\xps_ll_temac_v2_03_a
   \data\xps_ll_temac_v2_1_0.mpd line 266 - floating connection!
WARNING:EDK:2099 - PORT:HostAddr CONNECTOR:host_addr -
   C:\XilinxSuite\ISE_DS\EDK\hw\XilinxProcessorIPLib\pcores\xps_ll_temac_v2_03_a
   \data\xps_ll_temac_v2_1_0.mpd line 267 - floating connection!
WARNING:EDK:2099 - PORT:HostEmac1Sel CONNECTOR:host_emac1_sel -
   C:\XilinxSuite\ISE_DS\EDK\hw\XilinxProcessorIPLib\pcores\xps_ll_temac_v2_03_a
   \data\xps_ll_temac_v2_1_0.mpd line 268 - floating connection!
WARNING:EDK:2099 - PORT:bscan_tdi CONNECTOR:bscan_tdi -
   C:\XilinxSuite\ISE_DS\EDK\hw\XilinxProcessorIPLib\pcores\mdm_v2_00_a\data\mdm
   _v2_1_0.mpd line 224 - floating connection!
WARNING:EDK:2099 - PORT:bscan_reset CONNECTOR:bscan_reset -
   C:\XilinxSuite\ISE_DS\EDK\hw\XilinxProcessorIPLib\pcores\mdm_v2_00_a\data\mdm
   _v2_1_0.mpd line 225 - floating connection!
WARNING:EDK:2099 - PORT:bscan_shift CONNECTOR:bscan_shift -
   C:\XilinxSuite\ISE_DS\EDK\hw\XilinxProcessorIPLib\pcores\mdm_v2_00_a\data\mdm
   _v2_1_0.mpd line 226 - floating connection!
WARNING:EDK:2099 - PORT:bscan_update CONNECTOR:bscan_update -
   C:\XilinxSuite\ISE_DS\EDK\hw\XilinxProcessorIPLib\pcores\mdm_v2_00_a\data\mdm
   _v2_1_0.mpd line 227 - floating connection!
WARNING:EDK:2099 - PORT:bscan_capture CONNECTOR:bscan_capture -
   C:\XilinxSuite\ISE_DS\EDK\hw\XilinxProcessorIPLib\pcores\mdm_v2_00_a\data\mdm
   _v2_1_0.mpd line 228 - floating connection!
WARNING:EDK:2099 - PORT:bscan_sel1 CONNECTOR:bscan_sel1 -
   C:\XilinxSuite\ISE_DS\EDK\hw\XilinxProcessorIPLib\pcores\mdm_v2_00_a\data\mdm
   _v2_1_0.mpd line 229 - floating connection!
WARNING:EDK:2099 - PORT:bscan_drck1 CONNECTOR:bscan_drck1 -
   C:\XilinxSuite\ISE_DS\EDK\hw\XilinxProcessorIPLib\pcores\mdm_v2_00_a\data\mdm
   _v2_1_0.mpd line 230 - floating connection!

Performing Clock DRCs...

Performing Reset DRCs...

Overriding system level properties...

Running system level update procedures...

Running UPDATE Tcl procedures for OPTION SYSLEVEL_UPDATE_PROC...

Running system level DRCs...

Performing System level DRCs on properties...

Running DRC Tcl procedures for OPTION SYSLEVEL_DRC_PROC...
Conversion to XML complete.
