Generated Block Diagram.
Rasterizing microblaze_0.jpg.....
Rasterizing mb_plb.jpg.....
Rasterizing ilmb.jpg.....
Rasterizing dlmb.jpg.....
Rasterizing dlmb_cntlr.jpg.....
Rasterizing ilmb_cntlr.jpg.....
Rasterizing lmb_bram.jpg.....
Rasterizing LEDs_8Bit.jpg.....
Rasterizing LEDs_Positions.jpg.....
Rasterizing Push_Buttons_5Bit.jpg.....
Rasterizing DIP_Switches_8Bit.jpg.....
Rasterizing PS2_Mouse.jpg.....
Rasterizing PS2_Keyboard.jpg.....
Rasterizing IIC_EEPROM.jpg.....
Rasterizing SRAM.jpg.....
Rasterizing Hard_Ethernet_MAC.jpg.....
Rasterizing DDR2_SDRAM.jpg.....
Rasterizing SysACE_CompactFlash.jpg.....
Rasterizing RS232_Uart_1.jpg.....
Rasterizing RS232_Uart_2.jpg.....
Rasterizing xps_timer_0.jpg.....
Rasterizing clock_generator_0.jpg.....
Rasterizing mdm_0.jpg.....
Rasterizing proc_sys_reset_0.jpg.....
Rasterizing xps_intc_0.jpg.....
Rasterizing system_blkd.jpg.....
Report generated.
Report generation completed.
