iMPACT Version: H.42

iMPACT log file started on Thu Feb 23 20:05:37 2006

// *** BATCH CMD : setMode -bs
// *** BATCH CMD : setCable -port auto
AutoDetecting cable. Please wait.
Connecting to cable (USB Port).
Cable connection failed.
Connecting to cable (Parallel Port - LPT1).
Checking cable driver.
 Driver windrvr6.sys version = 6.2.2.2. LPT base address = 0378h.
 ECP base address = 0778h.
 ECP hardware is detected.
Cable connection established.
Connecting to cable (Parallel Port - LPT1) in ECP mode.
Checking cable driver.
 Driver xpc4drvr.sys version = 1.0.4.0. LPT base address = 0378h.
 DeviceIoControl LPT_READ_BUFFER Failed.
Cable connection failed.
Connecting to cable (Parallel Port - LPT1).
Checking cable driver.
 Driver windrvr6.sys version = 6.2.2.2. LPT base address = 0378h.
 ECP base address = 0778h.
Cable connection established.
ECP port test failed. Using download cable in compatibility mode.
// *** BATCH CMD : identify
Identifying chain contents ....'1': : Manufacturer's ID =Xilinx xc2vp100, Version : 0
INFO:iMPACT:1777 - 
   Reading c:/Xilinx/virtex2p/data/xc2vp100.bsd...
INFO:iMPACT:501 - '1': Added Device xc2vp100 successfully.
----------------------------------------------------------------------
----------------------------------------------------------------------
'2': : Manufacturer's ID =Xilinx xccace, Version : 0
INFO:iMPACT:1777 - 
   Reading c:/Xilinx/acecf/data/xccace.bsd...
INFO:iMPACT:501 - '1': Added Device xccace successfully.
----------------------------------------------------------------------
----------------------------------------------------------------------
done.
Validating chain...
Boundary-scan chain validated successfully.
Elapsed time =      1 sec.
// *** BATCH CMD : identifyMPM
Elapsed time =      0 sec.
// *** BATCH CMD : setAttribute -position 2 -attr configFileName -value"implementation/download.bit"
'2': Loading file 'implementation/download.bit' ...
done.
INFO:iMPACT:501 - '2': Added Device xc2vp100 successfully.
----------------------------------------------------------------------
----------------------------------------------------------------------
----------------------------------------------------------------------
----------------------------------------------------------------------
// *** BATCH CMD : program -p 2 
Validating chain...
Boundary-scan chain validated successfully.
'2':Programming  device...
done.
'2': Reading status register contents...
CRC error                                         :         0
Decryptor security set                            :         0
DCM locked                                        :         1
DCI matched                                       :         1
legacy input error                                :         0
status of GTS_CFG_B                               :         1
status of GWE                                     :         1
status of GHIGH                                   :         1
value of MODE pin M0                              :         1
value of MODE pin M1                              :         0
value of MODE pin M2                              :         1
value of CFG_RDY (INIT_B)                         :         1
DONEIN input from DONE pin                        :         1
IDCODE not validated while trying to write FDRI   :         0
write FDRI issued before or after decrypt operation:         0
Decryptor keys not used in proper sequence        :         0
INFO:iMPACT:2219 - Status register values:
INFO:iMPACT - 0011 0111 1011 1000 0000 0000 0000 0000 
INFO:iMPACT:579 - '2': Completed downloading bit file to device.
INFO:iMPACT:580 - '2':Checking done pin ....done.
'2': Programmed successfully.
Elapsed time =    135 sec.
// *** BATCH CMD : quit
----------------------------------------------------------------------
----------------------------------------------------------------------
